Log file open, 09/24/20 23:16:25
LogInit: Display: Running engine for game: PotionBombTheZombs
LogPlatformFile: Not using cached read wrapper
LogTaskGraph: Started task graph with 5 named threads and 23 total threads with 3 sets of task threads.
LogStats: Stats thread started at 4.452556
LogD3D11RHI: Loaded GFSDK_Aftermath_Lib.x64.dll
LogICUInternationalization: ICU TimeZone Detection - Raw Offset: -5:00, Platform Override: ''
LogPluginManager: Mounting plugin Paper2D
LogPluginManager: Mounting plugin AISupport
LogPluginManager: Mounting plugin LightPropagationVolume
LogPluginManager: Mounting plugin CameraShakePreviewer
LogPluginManager: Mounting plugin ActorLayerUtilities
LogPluginManager: Mounting plugin AnimationSharing
LogPluginManager: Mounting plugin CLionSourceCodeAccess
LogPluginManager: Mounting plugin CodeLiteSourceCodeAccess
LogPluginManager: Mounting plugin GitSourceControl
LogPluginManager: Mounting plugin KDevelopSourceCodeAccess
LogPluginManager: Mounting plugin NullSourceCodeAccess
LogPluginManager: Mounting plugin PerforceSourceControl
LogPluginManager: Mounting plugin PlasticSourceControl
LogPluginManager: Mounting plugin RiderSourceCodeAccess
LogPluginManager: Mounting plugin SubversionSourceControl
LogPluginManager: Mounting plugin UObjectPlugin
LogPluginManager: Mounting plugin VisualStudioCodeSourceCodeAccess
LogPluginManager: Mounting plugin VisualStudioSourceCodeAccess
LogPluginManager: Mounting plugin XCodeSourceCodeAccess
LogPluginManager: Mounting plugin AssetManagerEditor
LogPluginManager: Mounting plugin CryptoKeys
LogPluginManager: Mounting plugin CurveEditorTools
LogPluginManager: Mounting plugin DataValidation
LogPluginManager: Mounting plugin EditorScriptingUtilities
LogPluginManager: Mounting plugin FacialAnimation
LogPluginManager: Mounting plugin GameplayTagsEditor
LogPluginManager: Mounting plugin GeometryMode
LogPluginManager: Mounting plugin MacGraphicsSwitching
LogPluginManager: Mounting plugin MaterialAnalyzer
LogPluginManager: Mounting plugin MobileLauncherProfileWizard
LogPluginManager: Mounting plugin PluginBrowser
LogPluginManager: Mounting plugin SpeedTreeImporter
LogPluginManager: Mounting plugin DatasmithContent
LogPluginManager: Mounting plugin VariantManagerContent
LogPluginManager: Mounting plugin AlembicImporter
LogPluginManager: Mounting plugin AutomationUtils
LogPluginManager: Mounting plugin BackChannel
LogPluginManager: Mounting plugin ChaosCloth
LogPluginManager: Mounting plugin ChaosClothEditor
LogPluginManager: Mounting plugin ChaosEditor
LogPluginManager: Mounting plugin ChaosNiagara
LogPluginManager: Mounting plugin ChaosSolverPlugin
LogPluginManager: Mounting plugin CharacterAI
LogPluginManager: Mounting plugin GeometryCache
LogPluginManager: Mounting plugin GeometryCollectionPlugin
LogPluginManager: Mounting plugin GeometryProcessing
LogPluginManager: Mounting plugin PlanarCut
LogPluginManager: Mounting plugin PlatformCrypto
LogPluginManager: Mounting plugin ProxyLODPlugin
LogPluginManager: Mounting plugin SkeletalReduction
LogPluginManager: Mounting plugin Niagara
LogPluginManager: Mounting plugin MagicLeap
LogPluginManager: Mounting plugin MagicLeapLightEstimation
LogPluginManager: Mounting plugin MagicLeapMedia
LogPluginManager: Mounting plugin MagicLeapPassableWorld
LogPluginManager: Mounting plugin MLSDK
LogPluginManager: Mounting plugin AndroidMedia
LogPluginManager: Mounting plugin AvfMedia
LogPluginManager: Mounting plugin ImgMedia
LogPluginManager: Mounting plugin MediaCompositing
LogPluginManager: Mounting plugin MediaPlayerEditor
LogPluginManager: Mounting plugin WebMMedia
LogPluginManager: Mounting plugin WmfMedia
LogPluginManager: Mounting plugin MeshPainting
LogPluginManager: Mounting plugin TcpMessaging
LogPluginManager: Mounting plugin UdpMessaging
LogPluginManager: Mounting plugin ActorSequence
LogPluginManager: Mounting plugin LevelSequenceEditor
LogPluginManager: Mounting plugin MatineeToLevelSequence
LogPluginManager: Mounting plugin MovieRenderPipeline
LogPluginManager: Mounting plugin TemplateSequence
LogPluginManager: Mounting plugin NetcodeUnitTest
LogPluginManager: Mounting plugin NUTUnrealEngine4
LogPluginManager: Mounting plugin OnlineSubsystemGooglePlay
LogPluginManager: Mounting plugin OnlineSubsystemIOS
LogPluginManager: Mounting plugin OnlineSubsystem
LogPluginManager: Mounting plugin OnlineSubsystemNull
LogPluginManager: Mounting plugin OnlineSubsystemUtils
LogPluginManager: Mounting plugin LauncherChunkInstaller
LogPluginManager: Mounting plugin AndroidDeviceProfileSelector
LogPluginManager: Mounting plugin AndroidMoviePlayer
LogPluginManager: Mounting plugin AndroidPermission
LogPluginManager: Mounting plugin AppleImageUtils
LogPluginManager: Mounting plugin AppleMoviePlayer
LogPluginManager: Mounting plugin ArchVisCharacter
LogPluginManager: Mounting plugin AssetTags
LogPluginManager: Mounting plugin AudioCapture
LogPluginManager: Mounting plugin CableComponent
LogPluginManager: Mounting plugin CustomMeshComponent
LogPluginManager: Mounting plugin EditableMesh
LogPluginManager: Mounting plugin ExampleDeviceProfileSelector
LogPluginManager: Mounting plugin GoogleCloudMessaging
LogPluginManager: Mounting plugin GooglePAD
LogPluginManager: Mounting plugin IOSDeviceProfileSelector
LogPluginManager: Mounting plugin LinuxDeviceProfileSelector
LogPluginManager: Mounting plugin LocationServicesBPLibrary
LogPluginManager: Mounting plugin MobilePatchingUtils
LogPluginManager: Mounting plugin OculusVR
LogPluginManager: Mounting plugin PhysXVehicles
LogPluginManager: Mounting plugin PostSplashScreen
LogPluginManager: Mounting plugin ProceduralMeshComponent
LogPluginManager: Mounting plugin RuntimePhysXCooking
LogPluginManager: Mounting plugin SignificanceManager
LogPluginManager: Mounting plugin SoundFields
LogPluginManager: Mounting plugin SteamVR
LogPluginManager: Mounting plugin Synthesis
LogPluginManager: Mounting plugin WebMMoviePlayer
LogPluginManager: Mounting plugin WindowsMoviePlayer
LogPluginManager: Mounting plugin ScreenshotTools
LogInit: Using libcurl 7.55.1-DEV
LogInit:  - built for x86_64-pc-win32
LogInit:  - supports SSL with OpenSSL/1.1.1
LogInit:  - supports HTTP deflate (compression) using libz 1.2.8
LogInit:  - other features:
LogInit:      CURL_VERSION_SSL
LogInit:      CURL_VERSION_LIBZ
LogInit:      CURL_VERSION_IPV6
LogInit:      CURL_VERSION_ASYNCHDNS
LogInit:      CURL_VERSION_LARGEFILE
LogInit:      CURL_VERSION_IDN
LogInit:  CurlRequestOptions (configurable via config and command line):
LogInit:  - bVerifyPeer = true  - Libcurl will verify peer certificate
LogInit:  - bUseHttpProxy = false  - Libcurl will NOT use HTTP proxy
LogInit:  - bDontReuseConnections = false  - Libcurl will reuse connections
LogInit:  - MaxHostConnections = 16  - Libcurl will limit the number of connections to a host
LogInit:  - LocalHostAddr = Default
LogInit:  - BufferSize = 65536
LogOnline: OSS: Creating online subsystem instance for: NULL
LogInit: WinSock: version 1.1 (2.2), MaxSocks=32767, MaxUdp=65467
LogOnline: OSS: TryLoadSubsystemAndSetDefault: Loaded subsystem for module [NULL]
LogInit: Build: ++UE4+Release-4.25-CL-13942748
LogInit: Engine Version: 4.25.3-13942748+++UE4+Release-4.25
LogInit: Compatible Engine Version: 4.25.0-13144385+++UE4+Release-4.25
LogInit: Net CL: 13144385
LogInit: OS: Windows 10 (Release 1903) (), CPU: Intel(R) Core(TM) i7-7700HQ CPU @ 2.80GHz, GPU: Intel(R) HD Graphics 630
LogInit: Compiled (64-bit): Jul 25 2020 02:07:48
LogInit: Compiled with Visual C++: 19.24.28315.00
LogInit: Build Configuration: Development
LogInit: Branch Name: ++UE4+Release-4.25
LogInit: Command Line: 
LogInit: Base Directory: D:/Epic_Launcher/UE_4.25/Engine/Binaries/Win64/
LogInit: Allocator: TBB
LogInit: Installed Engine Build: 1
LogDevObjectVersion: Number of dev versions registered: 26
LogDevObjectVersion:   Dev-Blueprints (B0D832E4-1F89-4F0D-ACCF-7EB736FD4AA2): 10
LogDevObjectVersion:   Dev-Build (E1C64328-A22C-4D53-A36C-8E866417BD8C): 0
LogDevObjectVersion:   Dev-Core (375EC13C-06E4-48FB-B500-84F0262A717E): 4
LogDevObjectVersion:   Dev-Editor (E4B068ED-F494-42E9-A231-DA0B2E46BB41): 38
LogDevObjectVersion:   Dev-Framework (CFFC743F-43B0-4480-9391-14DF171D2073): 37
LogDevObjectVersion:   Dev-Mobile (B02B49B5-BB20-44E9-A304-32B752E40360): 2
LogDevObjectVersion:   Dev-Networking (A4E4105C-59A1-49B5-A7C5-40C4547EDFEE): 0
LogDevObjectVersion:   Dev-Online (39C831C9-5AE6-47DC-9A44-9C173E1C8E7C): 0
LogDevObjectVersion:   Dev-Physics (78F01B33-EBEA-4F98-B9B4-84EACCB95AA2): 4
LogDevObjectVersion:   Dev-Platform (6631380F-2D4D-43E0-8009-CF276956A95A): 0
LogDevObjectVersion:   Dev-Rendering (12F88B9F-8875-4AFC-A67C-D90C383ABD29): 43
LogDevObjectVersion:   Dev-Sequencer (7B5AE74C-D270-4C10-A958-57980B212A5A): 12
LogDevObjectVersion:   Dev-VR (D7296918-1DD6-4BDD-9DE2-64A83CC13884): 3
LogDevObjectVersion:   Dev-LoadTimes (C2A15278-BFE7-4AFE-6C17-90FF531DF755): 1
LogDevObjectVersion:   Private-Geometry (6EACA3D4-40EC-4CC1-B786-8BED09428FC5): 3
LogDevObjectVersion:   Dev-AnimPhys (29E575DD-E0A3-4627-9D10-D276232CDCEA): 17
LogDevObjectVersion:   Dev-Anim (AF43A65D-7FD3-4947-9873-3E8ED9C1BB05): 7
LogDevObjectVersion:   Dev-ReflectionCapture (6B266CEC-1EC7-4B8F-A30B-E4D90942FC07): 1
LogDevObjectVersion:   Dev-Automation (0DF73D61-A23F-47EA-B727-89E90C41499A): 1
LogDevObjectVersion:   FortniteMain (601D1886-AC64-4F84-AA16-D3DE0DEAC7D6): 31
LogDevObjectVersion:   Dev-Enterprise (9DFFBCD6-494F-0158-E221-12823C92A888): 10
LogDevObjectVersion:   Dev-Niagara (F2AED0AC-9AFE-416F-8664-AA7FFA26D6FC): 1
LogDevObjectVersion:   Dev-Destruction (174F1F0B-B4C6-45A5-B13F-2EE8D0FB917D): 10
LogDevObjectVersion:   Dev-Physics-Ext (35F94A83-E258-406C-A318-09F59610247C): 37
LogDevObjectVersion:   Dev-PhysicsMaterial-Chaos (B68FC16E-8B1B-42E2-B453-215C058844FE): 1
LogDevObjectVersion:   Dev-CineCamera (B2E18506-4273-CFC2-A54E-F4BB758BBA07): 1
LogInit: Presizing for max 25165824 objects, including 0 objects not considered by GC, pre-allocating 0 bytes for permanent pool.
LogConfig: Applying CVar settings from Section [/Script/Engine.StreamingSettings] File [C:/Users/edwar/Documents/GitHub/PotionBombTheZombs/PotionBombTheZombs/Saved/Config/Windows/Engine.ini]
LogConfig: Setting CVar [[s.MinBulkDataSizeForAsyncLoading:131072]]
LogConfig: Setting CVar [[s.AsyncLoadingThreadEnabled:0]]
LogConfig: Setting CVar [[s.EventDrivenLoaderEnabled:1]]
LogConfig: Setting CVar [[s.WarnIfTimeLimitExceeded:0]]
LogConfig: Setting CVar [[s.TimeLimitExceededMultiplier:1.5]]
LogConfig: Setting CVar [[s.TimeLimitExceededMinTime:0.005]]
LogConfig: Setting CVar [[s.UseBackgroundLevelStreaming:1]]
LogConfig: Setting CVar [[s.PriorityAsyncLoadingExtraTime:15.0]]
LogConfig: Setting CVar [[s.LevelStreamingActorsUpdateTimeLimit:5.0]]
LogConfig: Setting CVar [[s.PriorityLevelStreamingActorsUpdateExtraTime:5.0]]
LogConfig: Setting CVar [[s.LevelStreamingComponentsRegistrationGranularity:10]]
LogConfig: Setting CVar [[s.UnregisterComponentsTimeLimit:1.0]]
LogConfig: Setting CVar [[s.LevelStreamingComponentsUnregistrationGranularity:5]]
LogConfig: Setting CVar [[s.FlushStreamingOnExit:1]]
LogInit: Object subsystem initialized
LogConfig: Setting CVar [[con.DebugEarlyDefault:1]]
LogConfig: Setting CVar [[r.setres:1280x720]]
[2020.09.25-03.16.28:940][  0]LogConfig: Setting CVar [[r.VSync:0]]
[2020.09.25-03.16.28:940][  0]LogConfig: Setting CVar [[r.RHICmdBypass:0]]
[2020.09.25-03.16.28:940][  0]LogConfig: Applying CVar settings from Section [/Script/Engine.RendererSettings] File [C:/Users/edwar/Documents/GitHub/PotionBombTheZombs/PotionBombTheZombs/Saved/Config/Windows/Engine.ini]
[2020.09.25-03.16.28:940][  0]LogConfig: Setting CVar [[r.GPUCrashDebugging:0]]
[2020.09.25-03.16.28:940][  0]LogConfig: Applying CVar settings from Section [/Script/Engine.RendererOverrideSettings] File [C:/Users/edwar/Documents/GitHub/PotionBombTheZombs/PotionBombTheZombs/Saved/Config/Windows/Engine.ini]
[2020.09.25-03.16.28:940][  0]LogConfig: Applying CVar settings from Section [/Script/Engine.StreamingSettings] File [C:/Users/edwar/Documents/GitHub/PotionBombTheZombs/PotionBombTheZombs/Saved/Config/Windows/Engine.ini]
[2020.09.25-03.16.28:940][  0]LogConfig: Setting CVar [[s.MinBulkDataSizeForAsyncLoading:131072]]
[2020.09.25-03.16.28:940][  0]LogConfig: Setting CVar [[s.AsyncLoadingThreadEnabled:0]]
[2020.09.25-03.16.28:940][  0]LogConfig: Setting CVar [[s.EventDrivenLoaderEnabled:1]]
[2020.09.25-03.16.28:940][  0]LogConfig: Setting CVar [[s.WarnIfTimeLimitExceeded:0]]
[2020.09.25-03.16.28:940][  0]LogConfig: Setting CVar [[s.TimeLimitExceededMultiplier:1.5]]
[2020.09.25-03.16.28:940][  0]LogConfig: Setting CVar [[s.TimeLimitExceededMinTime:0.005]]
[2020.09.25-03.16.28:940][  0]LogConfig: Setting CVar [[s.UseBackgroundLevelStreaming:1]]
[2020.09.25-03.16.28:940][  0]LogConfig: Setting CVar [[s.PriorityAsyncLoadingExtraTime:15.0]]
[2020.09.25-03.16.28:940][  0]LogConfig: Setting CVar [[s.LevelStreamingActorsUpdateTimeLimit:5.0]]
[2020.09.25-03.16.28:940][  0]LogConfig: Setting CVar [[s.PriorityLevelStreamingActorsUpdateExtraTime:5.0]]
[2020.09.25-03.16.28:940][  0]LogConfig: Setting CVar [[s.LevelStreamingComponentsRegistrationGranularity:10]]
[2020.09.25-03.16.28:940][  0]LogConfig: Setting CVar [[s.UnregisterComponentsTimeLimit:1.0]]
[2020.09.25-03.16.28:940][  0]LogConfig: Setting CVar [[s.LevelStreamingComponentsUnregistrationGranularity:5]]
[2020.09.25-03.16.28:940][  0]LogConfig: Setting CVar [[s.FlushStreamingOnExit:1]]
[2020.09.25-03.16.28:940][  0]LogConfig: Applying CVar settings from Section [/Script/Engine.GarbageCollectionSettings] File [C:/Users/edwar/Documents/GitHub/PotionBombTheZombs/PotionBombTheZombs/Saved/Config/Windows/Engine.ini]
[2020.09.25-03.16.28:940][  0]LogConfig: Setting CVar [[gc.MaxObjectsNotConsideredByGC:1]]
[2020.09.25-03.16.28:940][  0]LogConfig: Setting CVar [[gc.SizeOfPermanentObjectPool:0]]
[2020.09.25-03.16.28:940][  0]LogConfig: Setting CVar [[gc.FlushStreamingOnGC:0]]
[2020.09.25-03.16.28:940][  0]LogConfig: Setting CVar [[gc.NumRetriesBeforeForcingGC:10]]
[2020.09.25-03.16.28:940][  0]LogConfig: Setting CVar [[gc.AllowParallelGC:1]]
[2020.09.25-03.16.28:940][  0]LogConfig: Setting CVar [[gc.TimeBetweenPurgingPendingKillObjects:61.1]]
[2020.09.25-03.16.28:940][  0]LogConfig: Setting CVar [[gc.MaxObjectsInEditor:25165824]]
[2020.09.25-03.16.28:940][  0]LogConfig: Setting CVar [[gc.IncrementalBeginDestroyEnabled:1]]
[2020.09.25-03.16.28:940][  0]LogConfig: Setting CVar [[gc.CreateGCClusters:1]]
[2020.09.25-03.16.28:940][  0]LogConfig: Setting CVar [[gc.MinGCClusterSize:5]]
[2020.09.25-03.16.28:940][  0]LogConfig: Setting CVar [[gc.ActorClusteringEnabled:0]]
[2020.09.25-03.16.28:940][  0]LogConfig: Setting CVar [[gc.BlueprintClusteringEnabled:0]]
[2020.09.25-03.16.28:940][  0]LogConfig: Setting CVar [[gc.UseDisregardForGCOnDedicatedServers:0]]
[2020.09.25-03.16.28:940][  0]LogConfig: Applying CVar settings from Section [/Script/Engine.NetworkSettings] File [C:/Users/edwar/Documents/GitHub/PotionBombTheZombs/PotionBombTheZombs/Saved/Config/Windows/Engine.ini]
[2020.09.25-03.16.28:940][  0]LogConfig: Applying CVar settings from Section [/Script/UnrealEd.CookerSettings] File [C:/Users/edwar/Documents/GitHub/PotionBombTheZombs/PotionBombTheZombs/Saved/Config/Windows/Engine.ini]
[2020.09.25-03.16.28:977][  0]LogConfig: Applying CVar settings from Section [ViewDistanceQuality@3] File [C:/Users/edwar/Documents/GitHub/PotionBombTheZombs/PotionBombTheZombs/Saved/Config/Windows/Scalability.ini]
[2020.09.25-03.16.28:977][  0]LogConfig: Setting CVar [[r.SkeletalMeshLODBias:0]]
[2020.09.25-03.16.28:977][  0]LogConfig: Setting CVar [[r.ViewDistanceScale:1.0]]
[2020.09.25-03.16.28:977][  0]LogConfig: Applying CVar settings from Section [AntiAliasingQuality@3] File [C:/Users/edwar/Documents/GitHub/PotionBombTheZombs/PotionBombTheZombs/Saved/Config/Windows/Scalability.ini]
[2020.09.25-03.16.28:977][  0]LogConfig: Setting CVar [[r.PostProcessAAQuality:4]]
[2020.09.25-03.16.28:977][  0]LogConfig: Applying CVar settings from Section [ShadowQuality@3] File [C:/Users/edwar/Documents/GitHub/PotionBombTheZombs/PotionBombTheZombs/Saved/Config/Windows/Scalability.ini]
[2020.09.25-03.16.28:977][  0]LogConfig: Setting CVar [[r.LightFunctionQuality:1]]
[2020.09.25-03.16.28:977][  0]LogConfig: Setting CVar [[r.ShadowQuality:5]]
[2020.09.25-03.16.28:977][  0]LogConfig: Setting CVar [[r.Shadow.CSM.MaxCascades:10]]
[2020.09.25-03.16.28:977][  0]LogConfig: Setting CVar [[r.Shadow.MaxResolution:2048]]
[2020.09.25-03.16.28:977][  0]LogConfig: Setting CVar [[r.Shadow.MaxCSMResolution:2048]]
[2020.09.25-03.16.28:977][  0]LogConfig: Setting CVar [[r.Shadow.RadiusThreshold:0.01]]
[2020.09.25-03.16.28:977][  0]LogConfig: Setting CVar [[r.Shadow.DistanceScale:1.0]]
[2020.09.25-03.16.28:977][  0]LogConfig: Setting CVar [[r.Shadow.CSM.TransitionScale:1.0]]
[2020.09.25-03.16.28:977][  0]LogConfig: Setting CVar [[r.Shadow.PreShadowResolutionFactor:1.0]]
[2020.09.25-03.16.28:977][  0]LogConfig: Setting CVar [[r.DistanceFieldShadowing:1]]
[2020.09.25-03.16.28:977][  0]LogConfig: Setting CVar [[r.DistanceFieldAO:1]]
[2020.09.25-03.16.28:977][  0]LogConfig: Setting CVar [[r.AOQuality:2]]
[2020.09.25-03.16.28:977][  0]LogConfig: Setting CVar [[r.VolumetricFog:1]]
[2020.09.25-03.16.28:977][  0]LogConfig: Setting CVar [[r.VolumetricFog.GridPixelSize:8]]
[2020.09.25-03.16.28:977][  0]LogConfig: Setting CVar [[r.VolumetricFog.GridSizeZ:128]]
[2020.09.25-03.16.28:977][  0]LogConfig: Setting CVar [[r.VolumetricFog.HistoryMissSupersampleCount:4]]
[2020.09.25-03.16.28:977][  0]LogConfig: Setting CVar [[r.LightMaxDrawDistanceScale:1]]
[2020.09.25-03.16.28:977][  0]LogConfig: Setting CVar [[r.CapsuleShadows:1]]
[2020.09.25-03.16.28:977][  0]LogConfig: Applying CVar settings from Section [PostProcessQuality@3] File [C:/Users/edwar/Documents/GitHub/PotionBombTheZombs/PotionBombTheZombs/Saved/Config/Windows/Scalability.ini]
[2020.09.25-03.16.28:977][  0]LogConfig: Setting CVar [[r.MotionBlurQuality:4]]
[2020.09.25-03.16.28:977][  0]LogConfig: Setting CVar [[r.AmbientOcclusionMipLevelFactor:0.4]]
[2020.09.25-03.16.28:977][  0]LogConfig: Setting CVar [[r.AmbientOcclusionMaxQuality:100]]
[2020.09.25-03.16.28:977][  0]LogConfig: Setting CVar [[r.AmbientOcclusionLevels:-1]]
[2020.09.25-03.16.28:977][  0]LogConfig: Setting CVar [[r.AmbientOcclusionRadiusScale:1.0]]
[2020.09.25-03.16.28:977][  0]LogConfig: Setting CVar [[r.DepthOfFieldQuality:2]]
[2020.09.25-03.16.28:977][  0]LogConfig: Setting CVar [[r.RenderTargetPoolMin:400]]
[2020.09.25-03.16.28:977][  0]LogConfig: Setting CVar [[r.LensFlareQuality:2]]
[2020.09.25-03.16.28:977][  0]LogConfig: Setting CVar [[r.SceneColorFringeQuality:1]]
[2020.09.25-03.16.28:977][  0]LogConfig: Setting CVar [[r.EyeAdaptationQuality:2]]
[2020.09.25-03.16.28:978][  0]LogConfig: Setting CVar [[r.BloomQuality:5]]
[2020.09.25-03.16.28:978][  0]LogConfig: Setting CVar [[r.FastBlurThreshold:100]]
[2020.09.25-03.16.28:978][  0]LogConfig: Setting CVar [[r.Upscale.Quality:3]]
[2020.09.25-03.16.28:978][  0]LogConfig: Setting CVar [[r.Tonemapper.GrainQuantization:1]]
[2020.09.25-03.16.28:978][  0]LogConfig: Setting CVar [[r.LightShaftQuality:1]]
[2020.09.25-03.16.28:978][  0]LogConfig: Setting CVar [[r.Filter.SizeScale:1]]
[2020.09.25-03.16.28:978][  0]LogConfig: Setting CVar [[r.Tonemapper.Quality:5]]
[2020.09.25-03.16.28:978][  0]LogConfig: Setting CVar [[r.DOF.Gather.AccumulatorQuality:1        ; higher gathering accumulator quality]]
[2020.09.25-03.16.28:978][  0]LogConfig: Setting CVar [[r.DOF.Gather.PostfilterMethod:1          ; Median3x3 postfilering method]]
[2020.09.25-03.16.28:978][  0]LogConfig: Setting CVar [[r.DOF.Gather.EnableBokehSettings:0       ; no bokeh simulation when gathering]]
[2020.09.25-03.16.28:978][  0]LogConfig: Setting CVar [[r.DOF.Gather.RingCount:4                 ; medium number of samples when gathering]]
[2020.09.25-03.16.28:978][  0]LogConfig: Setting CVar [[r.DOF.Scatter.ForegroundCompositing:1    ; additive foreground scattering]]
[2020.09.25-03.16.28:978][  0]LogConfig: Setting CVar [[r.DOF.Scatter.BackgroundCompositing:2    ; additive background scattering]]
[2020.09.25-03.16.28:978][  0]LogConfig: Setting CVar [[r.DOF.Scatter.EnableBokehSettings:1      ; bokeh simulation when scattering]]
[2020.09.25-03.16.28:978][  0]LogConfig: Setting CVar [[r.DOF.Scatter.MaxSpriteRatio:0.1         ; only a maximum of 10% of scattered bokeh]]
[2020.09.25-03.16.28:978][  0]LogConfig: Setting CVar [[r.DOF.Recombine.Quality:1                ; cheap slight out of focus]]
[2020.09.25-03.16.28:978][  0]LogConfig: Setting CVar [[r.DOF.Recombine.EnableBokehSettings:0    ; no bokeh simulation on slight out of focus]]
[2020.09.25-03.16.28:978][  0]LogConfig: Setting CVar [[r.DOF.TemporalAAQuality:1                ; more stable temporal accumulation]]
[2020.09.25-03.16.28:978][  0]LogConfig: Setting CVar [[r.DOF.Kernel.MaxForegroundRadius:0.025]]
[2020.09.25-03.16.28:978][  0]LogConfig: Setting CVar [[r.DOF.Kernel.MaxBackgroundRadius:0.025]]
[2020.09.25-03.16.28:978][  0]LogConfig: Applying CVar settings from Section [TextureQuality@3] File [C:/Users/edwar/Documents/GitHub/PotionBombTheZombs/PotionBombTheZombs/Saved/Config/Windows/Scalability.ini]
[2020.09.25-03.16.28:978][  0]LogConfig: Setting CVar [[r.Streaming.MipBias:0]]
[2020.09.25-03.16.28:978][  0]LogConfig: Setting CVar [[r.Streaming.AmortizeCPUToGPUCopy:0]]
[2020.09.25-03.16.28:978][  0]LogConfig: Setting CVar [[r.Streaming.MaxNumTexturesToStreamPerFrame:0]]
[2020.09.25-03.16.28:978][  0]LogConfig: Setting CVar [[r.Streaming.Boost:1]]
[2020.09.25-03.16.28:978][  0]LogConfig: Setting CVar [[r.MaxAnisotropy:8]]
[2020.09.25-03.16.28:978][  0]LogConfig: Setting CVar [[r.VT.MaxAnisotropy:8]]
[2020.09.25-03.16.28:978][  0]LogConfig: Setting CVar [[r.Streaming.LimitPoolSizeToVRAM:0]]
[2020.09.25-03.16.28:978][  0]LogConfig: Setting CVar [[r.Streaming.PoolSize:1000]]
[2020.09.25-03.16.28:978][  0]LogConfig: Setting CVar [[r.Streaming.MaxEffectiveScreenSize:0]]
[2020.09.25-03.16.28:978][  0]LogConfig: Applying CVar settings from Section [EffectsQuality@3] File [C:/Users/edwar/Documents/GitHub/PotionBombTheZombs/PotionBombTheZombs/Saved/Config/Windows/Scalability.ini]
[2020.09.25-03.16.28:978][  0]LogConfig: Setting CVar [[r.TranslucencyLightingVolumeDim:64]]
[2020.09.25-03.16.28:978][  0]LogConfig: Setting CVar [[r.RefractionQuality:2]]
[2020.09.25-03.16.28:978][  0]LogConfig: Setting CVar [[r.SSR.Quality:3]]
[2020.09.25-03.16.28:978][  0]LogConfig: Setting CVar [[r.SSR.HalfResSceneColor:0]]
[2020.09.25-03.16.28:978][  0]LogConfig: Setting CVar [[r.SceneColorFormat:4]]
[2020.09.25-03.16.28:978][  0]LogConfig: Setting CVar [[r.DetailMode:2]]
[2020.09.25-03.16.28:978][  0]LogConfig: Setting CVar [[r.TranslucencyVolumeBlur:1]]
[2020.09.25-03.16.28:978][  0]LogConfig: Setting CVar [[r.MaterialQualityLevel:1 ; High quality]]
[2020.09.25-03.16.28:978][  0]LogConfig: Setting CVar [[r.SSS.Scale:1]]
[2020.09.25-03.16.28:978][  0]LogConfig: Setting CVar [[r.SSS.SampleSet:2]]
[2020.09.25-03.16.28:978][  0]LogConfig: Setting CVar [[r.SSS.Quality:1]]
[2020.09.25-03.16.28:978][  0]LogConfig: Setting CVar [[r.SSS.HalfRes:0]]
[2020.09.25-03.16.28:978][  0]LogConfig: Setting CVar [[r.SSGI.Quality:3]]
[2020.09.25-03.16.28:978][  0]LogConfig: Setting CVar [[r.EmitterSpawnRateScale:1.0]]
[2020.09.25-03.16.28:978][  0]LogConfig: Setting CVar [[r.ParticleLightQuality:2]]
[2020.09.25-03.16.28:978][  0]LogConfig: Setting CVar [[r.SkyAtmosphere.AerialPerspectiveLUT.FastApplyOnOpaque:1 ; Always have FastSkyLUT 1 in this case to avoid wrong sky]]
[2020.09.25-03.16.28:978][  0]LogConfig: Setting CVar [[r.SkyAtmosphere.AerialPerspectiveLUT.SampleCountPerSlice:1]]
[2020.09.25-03.16.28:978][  0]LogConfig: Setting CVar [[r.SkyAtmosphere.AerialPerspectiveLUT.DepthResolution:16.0]]
[2020.09.25-03.16.28:978][  0]LogConfig: Setting CVar [[r.SkyAtmosphere.FastSkyLUT:1]]
[2020.09.25-03.16.28:978][  0]LogConfig: Setting CVar [[r.SkyAtmosphere.FastSkyLUT.SampleCountMin:4.0]]
[2020.09.25-03.16.28:978][  0]LogConfig: Setting CVar [[r.SkyAtmosphere.FastSkyLUT.SampleCountMax:32.0]]
[2020.09.25-03.16.28:978][  0]LogConfig: Setting CVar [[r.SkyAtmosphere.SampleCountMin:4.0]]
[2020.09.25-03.16.28:978][  0]LogConfig: Setting CVar [[r.SkyAtmosphere.SampleCountMax:32.0]]
[2020.09.25-03.16.28:978][  0]LogConfig: Setting CVar [[r.SkyAtmosphere.TransmittanceLUT.UseSmallFormat:0]]
[2020.09.25-03.16.28:978][  0]LogConfig: Setting CVar [[r.SkyAtmosphere.TransmittanceLUT.SampleCount:10.0]]
[2020.09.25-03.16.28:978][  0]LogConfig: Setting CVar [[r.SkyAtmosphere.MultiScatteringLUT.SampleCount:15.0]]
[2020.09.25-03.16.28:978][  0]LogConfig: Applying CVar settings from Section [FoliageQuality@3] File [C:/Users/edwar/Documents/GitHub/PotionBombTheZombs/PotionBombTheZombs/Saved/Config/Windows/Scalability.ini]
[2020.09.25-03.16.28:978][  0]LogConfig: Setting CVar [[foliage.DensityScale:1.0]]
[2020.09.25-03.16.28:978][  0]LogConfig: Setting CVar [[grass.DensityScale:1.0]]
[2020.09.25-03.16.28:978][  0]LogConfig: Applying CVar settings from Section [ShadingQuality@3] File [C:/Users/edwar/Documents/GitHub/PotionBombTheZombs/PotionBombTheZombs/Saved/Config/Windows/Scalability.ini]
[2020.09.25-03.16.28:978][  0]LogConfig: Setting CVar [[r.HairStrands.SkyLighting.SampleCount:16]]
[2020.09.25-03.16.28:978][  0]LogConfig: Setting CVar [[r.HairStrands.SkyLighting.JitterIntegration:0]]
[2020.09.25-03.16.28:978][  0]LogConfig: Setting CVar [[r.HairStrands.SkyAO.SampleCount:16]]
[2020.09.25-03.16.28:978][  0]LogConfig: Setting CVar [[r.HairStrands.DeepShadow.SuperSampling:0]]
[2020.09.25-03.16.28:978][  0]LogConfig: Setting CVar [[r.HairStrands.VisibilityPPLL:0]]
[2020.09.25-03.16.28:978][  0]LogConfig: Setting CVar [[r.HairStrands.RasterizationScale:0.5]]
[2020.09.25-03.16.28:978][  0]LogConfig: Setting CVar [[r.HairStrands.VelocityRasterizationScale:1]]
[2020.09.25-03.16.28:979][  0]LogInit: Selected Device Profile: [Windows]
[2020.09.25-03.16.28:979][  0]LogInit: Applying CVar settings loaded from the selected device profile: [Windows]
[2020.09.25-03.16.28:979][  0]LogHAL: Display: Platform has ~ 8 GB [8466898944 / 8589934592 / 8], which maps to Default [LargestMinGB=32, LargerMinGB=12, DefaultMinGB=8, SmallerMinGB=6, SmallestMinGB=0)
[2020.09.25-03.16.28:979][  0]LogInit: Going up to parent DeviceProfile []
[2020.09.25-03.16.28:979][  0]LogConfig: Applying CVar settings from Section [ViewDistanceQuality@3] File [C:/Users/edwar/Documents/GitHub/PotionBombTheZombs/PotionBombTheZombs/Saved/Config/Windows/Scalability.ini]
[2020.09.25-03.16.28:979][  0]LogConfig: Setting CVar [[r.SkeletalMeshLODBias:0]]
[2020.09.25-03.16.28:979][  0]LogConfig: Setting CVar [[r.ViewDistanceScale:1.0]]
[2020.09.25-03.16.28:979][  0]LogConfig: Applying CVar settings from Section [AntiAliasingQuality@3] File [C:/Users/edwar/Documents/GitHub/PotionBombTheZombs/PotionBombTheZombs/Saved/Config/Windows/Scalability.ini]
[2020.09.25-03.16.28:979][  0]LogConfig: Setting CVar [[r.PostProcessAAQuality:4]]
[2020.09.25-03.16.28:979][  0]LogConfig: Applying CVar settings from Section [ShadowQuality@3] File [C:/Users/edwar/Documents/GitHub/PotionBombTheZombs/PotionBombTheZombs/Saved/Config/Windows/Scalability.ini]
[2020.09.25-03.16.28:979][  0]LogConfig: Setting CVar [[r.LightFunctionQuality:1]]
[2020.09.25-03.16.28:979][  0]LogConfig: Setting CVar [[r.ShadowQuality:5]]
[2020.09.25-03.16.28:979][  0]LogConfig: Setting CVar [[r.Shadow.CSM.MaxCascades:10]]
[2020.09.25-03.16.28:979][  0]LogConfig: Setting CVar [[r.Shadow.MaxResolution:2048]]
[2020.09.25-03.16.28:979][  0]LogConfig: Setting CVar [[r.Shadow.MaxCSMResolution:2048]]
[2020.09.25-03.16.28:979][  0]LogConfig: Setting CVar [[r.Shadow.RadiusThreshold:0.01]]
[2020.09.25-03.16.28:979][  0]LogConfig: Setting CVar [[r.Shadow.DistanceScale:1.0]]
[2020.09.25-03.16.28:979][  0]LogConfig: Setting CVar [[r.Shadow.CSM.TransitionScale:1.0]]
[2020.09.25-03.16.28:979][  0]LogConfig: Setting CVar [[r.Shadow.PreShadowResolutionFactor:1.0]]
[2020.09.25-03.16.28:979][  0]LogConfig: Setting CVar [[r.DistanceFieldShadowing:1]]
[2020.09.25-03.16.28:979][  0]LogConfig: Setting CVar [[r.DistanceFieldAO:1]]
[2020.09.25-03.16.28:979][  0]LogConfig: Setting CVar [[r.AOQuality:2]]
[2020.09.25-03.16.28:979][  0]LogConfig: Setting CVar [[r.VolumetricFog:1]]
[2020.09.25-03.16.28:979][  0]LogConfig: Setting CVar [[r.VolumetricFog.GridPixelSize:8]]
[2020.09.25-03.16.28:979][  0]LogConfig: Setting CVar [[r.VolumetricFog.GridSizeZ:128]]
[2020.09.25-03.16.28:979][  0]LogConfig: Setting CVar [[r.VolumetricFog.HistoryMissSupersampleCount:4]]
[2020.09.25-03.16.28:979][  0]LogConfig: Setting CVar [[r.LightMaxDrawDistanceScale:1]]
[2020.09.25-03.16.28:979][  0]LogConfig: Setting CVar [[r.CapsuleShadows:1]]
[2020.09.25-03.16.28:979][  0]LogConfig: Applying CVar settings from Section [PostProcessQuality@3] File [C:/Users/edwar/Documents/GitHub/PotionBombTheZombs/PotionBombTheZombs/Saved/Config/Windows/Scalability.ini]
[2020.09.25-03.16.28:979][  0]LogConfig: Setting CVar [[r.MotionBlurQuality:4]]
[2020.09.25-03.16.28:979][  0]LogConfig: Setting CVar [[r.AmbientOcclusionMipLevelFactor:0.4]]
[2020.09.25-03.16.28:979][  0]LogConfig: Setting CVar [[r.AmbientOcclusionMaxQuality:100]]
[2020.09.25-03.16.28:979][  0]LogConfig: Setting CVar [[r.AmbientOcclusionLevels:-1]]
[2020.09.25-03.16.28:979][  0]LogConfig: Setting CVar [[r.AmbientOcclusionRadiusScale:1.0]]
[2020.09.25-03.16.28:979][  0]LogConfig: Setting CVar [[r.DepthOfFieldQuality:2]]
[2020.09.25-03.16.28:979][  0]LogConfig: Setting CVar [[r.RenderTargetPoolMin:400]]
[2020.09.25-03.16.28:979][  0]LogConfig: Setting CVar [[r.LensFlareQuality:2]]
[2020.09.25-03.16.28:979][  0]LogConfig: Setting CVar [[r.SceneColorFringeQuality:1]]
[2020.09.25-03.16.28:979][  0]LogConfig: Setting CVar [[r.EyeAdaptationQuality:2]]
[2020.09.25-03.16.28:979][  0]LogConfig: Setting CVar [[r.BloomQuality:5]]
[2020.09.25-03.16.28:979][  0]LogConfig: Setting CVar [[r.FastBlurThreshold:100]]
[2020.09.25-03.16.28:979][  0]LogConfig: Setting CVar [[r.Upscale.Quality:3]]
[2020.09.25-03.16.28:979][  0]LogConfig: Setting CVar [[r.Tonemapper.GrainQuantization:1]]
[2020.09.25-03.16.28:979][  0]LogConfig: Setting CVar [[r.LightShaftQuality:1]]
[2020.09.25-03.16.28:979][  0]LogConfig: Setting CVar [[r.Filter.SizeScale:1]]
[2020.09.25-03.16.28:979][  0]LogConfig: Setting CVar [[r.Tonemapper.Quality:5]]
[2020.09.25-03.16.28:979][  0]LogConfig: Setting CVar [[r.DOF.Gather.AccumulatorQuality:1        ; higher gathering accumulator quality]]
[2020.09.25-03.16.28:979][  0]LogConfig: Setting CVar [[r.DOF.Gather.PostfilterMethod:1          ; Median3x3 postfilering method]]
[2020.09.25-03.16.28:979][  0]LogConfig: Setting CVar [[r.DOF.Gather.EnableBokehSettings:0       ; no bokeh simulation when gathering]]
[2020.09.25-03.16.28:979][  0]LogConfig: Setting CVar [[r.DOF.Gather.RingCount:4                 ; medium number of samples when gathering]]
[2020.09.25-03.16.28:979][  0]LogConfig: Setting CVar [[r.DOF.Scatter.ForegroundCompositing:1    ; additive foreground scattering]]
[2020.09.25-03.16.28:979][  0]LogConfig: Setting CVar [[r.DOF.Scatter.BackgroundCompositing:2    ; additive background scattering]]
[2020.09.25-03.16.28:979][  0]LogConfig: Setting CVar [[r.DOF.Scatter.EnableBokehSettings:1      ; bokeh simulation when scattering]]
[2020.09.25-03.16.28:979][  0]LogConfig: Setting CVar [[r.DOF.Scatter.MaxSpriteRatio:0.1         ; only a maximum of 10% of scattered bokeh]]
[2020.09.25-03.16.28:979][  0]LogConfig: Setting CVar [[r.DOF.Recombine.Quality:1                ; cheap slight out of focus]]
[2020.09.25-03.16.28:979][  0]LogConfig: Setting CVar [[r.DOF.Recombine.EnableBokehSettings:0    ; no bokeh simulation on slight out of focus]]
[2020.09.25-03.16.28:979][  0]LogConfig: Setting CVar [[r.DOF.TemporalAAQuality:1                ; more stable temporal accumulation]]
[2020.09.25-03.16.28:979][  0]LogConfig: Setting CVar [[r.DOF.Kernel.MaxForegroundRadius:0.025]]
[2020.09.25-03.16.28:979][  0]LogConfig: Setting CVar [[r.DOF.Kernel.MaxBackgroundRadius:0.025]]
[2020.09.25-03.16.28:979][  0]LogConfig: Applying CVar settings from Section [TextureQuality@3] File [C:/Users/edwar/Documents/GitHub/PotionBombTheZombs/PotionBombTheZombs/Saved/Config/Windows/Scalability.ini]
[2020.09.25-03.16.28:979][  0]LogConfig: Setting CVar [[r.Streaming.MipBias:0]]
[2020.09.25-03.16.28:979][  0]LogConfig: Setting CVar [[r.Streaming.AmortizeCPUToGPUCopy:0]]
[2020.09.25-03.16.28:979][  0]LogConfig: Setting CVar [[r.Streaming.MaxNumTexturesToStreamPerFrame:0]]
[2020.09.25-03.16.28:980][  0]LogConfig: Setting CVar [[r.Streaming.Boost:1]]
[2020.09.25-03.16.28:980][  0]LogConfig: Setting CVar [[r.MaxAnisotropy:8]]
[2020.09.25-03.16.28:980][  0]LogConfig: Setting CVar [[r.VT.MaxAnisotropy:8]]
[2020.09.25-03.16.28:980][  0]LogConfig: Setting CVar [[r.Streaming.LimitPoolSizeToVRAM:0]]
[2020.09.25-03.16.28:980][  0]LogConfig: Setting CVar [[r.Streaming.PoolSize:1000]]
[2020.09.25-03.16.28:980][  0]LogConfig: Setting CVar [[r.Streaming.MaxEffectiveScreenSize:0]]
[2020.09.25-03.16.28:980][  0]LogConfig: Applying CVar settings from Section [EffectsQuality@3] File [C:/Users/edwar/Documents/GitHub/PotionBombTheZombs/PotionBombTheZombs/Saved/Config/Windows/Scalability.ini]
[2020.09.25-03.16.28:980][  0]LogConfig: Setting CVar [[r.TranslucencyLightingVolumeDim:64]]
[2020.09.25-03.16.28:980][  0]LogConfig: Setting CVar [[r.RefractionQuality:2]]
[2020.09.25-03.16.28:980][  0]LogConfig: Setting CVar [[r.SSR.Quality:3]]
[2020.09.25-03.16.28:980][  0]LogConfig: Setting CVar [[r.SSR.HalfResSceneColor:0]]
[2020.09.25-03.16.28:980][  0]LogConfig: Setting CVar [[r.SceneColorFormat:4]]
[2020.09.25-03.16.28:980][  0]LogConfig: Setting CVar [[r.DetailMode:2]]
[2020.09.25-03.16.28:980][  0]LogConfig: Setting CVar [[r.TranslucencyVolumeBlur:1]]
[2020.09.25-03.16.28:980][  0]LogConfig: Setting CVar [[r.MaterialQualityLevel:1 ; High quality]]
[2020.09.25-03.16.28:980][  0]LogConfig: Setting CVar [[r.SSS.Scale:1]]
[2020.09.25-03.16.28:980][  0]LogConfig: Setting CVar [[r.SSS.SampleSet:2]]
[2020.09.25-03.16.28:980][  0]LogConfig: Setting CVar [[r.SSS.Quality:1]]
[2020.09.25-03.16.28:980][  0]LogConfig: Setting CVar [[r.SSS.HalfRes:0]]
[2020.09.25-03.16.28:980][  0]LogConfig: Setting CVar [[r.SSGI.Quality:3]]
[2020.09.25-03.16.28:980][  0]LogConfig: Setting CVar [[r.EmitterSpawnRateScale:1.0]]
[2020.09.25-03.16.28:980][  0]LogConfig: Setting CVar [[r.ParticleLightQuality:2]]
[2020.09.25-03.16.28:980][  0]LogConfig: Setting CVar [[r.SkyAtmosphere.AerialPerspectiveLUT.FastApplyOnOpaque:1 ; Always have FastSkyLUT 1 in this case to avoid wrong sky]]
[2020.09.25-03.16.28:980][  0]LogConfig: Setting CVar [[r.SkyAtmosphere.AerialPerspectiveLUT.SampleCountPerSlice:1]]
[2020.09.25-03.16.28:980][  0]LogConfig: Setting CVar [[r.SkyAtmosphere.AerialPerspectiveLUT.DepthResolution:16.0]]
[2020.09.25-03.16.28:980][  0]LogConfig: Setting CVar [[r.SkyAtmosphere.FastSkyLUT:1]]
[2020.09.25-03.16.28:980][  0]LogConfig: Setting CVar [[r.SkyAtmosphere.FastSkyLUT.SampleCountMin:4.0]]
[2020.09.25-03.16.28:980][  0]LogConfig: Setting CVar [[r.SkyAtmosphere.FastSkyLUT.SampleCountMax:32.0]]
[2020.09.25-03.16.28:980][  0]LogConfig: Setting CVar [[r.SkyAtmosphere.SampleCountMin:4.0]]
[2020.09.25-03.16.28:980][  0]LogConfig: Setting CVar [[r.SkyAtmosphere.SampleCountMax:32.0]]
[2020.09.25-03.16.28:980][  0]LogConfig: Setting CVar [[r.SkyAtmosphere.TransmittanceLUT.UseSmallFormat:0]]
[2020.09.25-03.16.28:980][  0]LogConfig: Setting CVar [[r.SkyAtmosphere.TransmittanceLUT.SampleCount:10.0]]
[2020.09.25-03.16.28:980][  0]LogConfig: Setting CVar [[r.SkyAtmosphere.MultiScatteringLUT.SampleCount:15.0]]
[2020.09.25-03.16.28:980][  0]LogConfig: Applying CVar settings from Section [FoliageQuality@3] File [C:/Users/edwar/Documents/GitHub/PotionBombTheZombs/PotionBombTheZombs/Saved/Config/Windows/Scalability.ini]
[2020.09.25-03.16.28:980][  0]LogConfig: Setting CVar [[foliage.DensityScale:1.0]]
[2020.09.25-03.16.28:980][  0]LogConfig: Setting CVar [[grass.DensityScale:1.0]]
[2020.09.25-03.16.28:980][  0]LogConfig: Applying CVar settings from Section [ShadingQuality@3] File [C:/Users/edwar/Documents/GitHub/PotionBombTheZombs/PotionBombTheZombs/Saved/Config/Windows/Scalability.ini]
[2020.09.25-03.16.28:980][  0]LogConfig: Setting CVar [[r.HairStrands.SkyLighting.SampleCount:16]]
[2020.09.25-03.16.28:980][  0]LogConfig: Setting CVar [[r.HairStrands.SkyLighting.JitterIntegration:0]]
[2020.09.25-03.16.28:980][  0]LogConfig: Setting CVar [[r.HairStrands.SkyAO.SampleCount:16]]
[2020.09.25-03.16.28:980][  0]LogConfig: Setting CVar [[r.HairStrands.DeepShadow.SuperSampling:0]]
[2020.09.25-03.16.28:980][  0]LogConfig: Setting CVar [[r.HairStrands.VisibilityPPLL:0]]
[2020.09.25-03.16.28:980][  0]LogConfig: Setting CVar [[r.HairStrands.RasterizationScale:0.5]]
[2020.09.25-03.16.28:980][  0]LogConfig: Setting CVar [[r.HairStrands.VelocityRasterizationScale:1]]
[2020.09.25-03.16.28:980][  0]LogConfig: Applying CVar settings from Section [Startup] File [../../../Engine/Config/ConsoleVariables.ini]
[2020.09.25-03.16.29:019][  0]LogConfig: Setting CVar [[net.UseAdaptiveNetUpdateFrequency:0]]
[2020.09.25-03.16.29:019][  0]LogConfig: Setting CVar [[p.chaos.AllowCreatePhysxBodies:1]]
[2020.09.25-03.16.29:019][  0]LogConfig: Setting CVar [[fx.SkipVectorVMBackendOptimizations:1]]
[2020.09.25-03.16.29:019][  0]LogConfig: Applying CVar settings from Section [ConsoleVariables] File [C:/Users/edwar/Documents/GitHub/PotionBombTheZombs/PotionBombTheZombs/Saved/Config/Windows/Engine.ini]
[2020.09.25-03.16.29:019][  0]LogInit: Computer: LAPTOP-50LQP7G3
[2020.09.25-03.16.29:019][  0]LogInit: User: edwar
[2020.09.25-03.16.29:019][  0]LogInit: CPU Page size=4096, Cores=4
[2020.09.25-03.16.29:020][  0]LogInit: High frequency timer resolution =10.000000 MHz
[2020.09.25-03.16.29:020][  0]LogMemory: Memory total: Physical=7.9GB (8GB approx)
[2020.09.25-03.16.29:020][  0]LogMemory: Platform Memory Stats for Windows
[2020.09.25-03.16.29:020][  0]LogMemory: Process Physical Memory: 117.27 MB used, 117.28 MB peak
[2020.09.25-03.16.29:020][  0]LogMemory: Process Virtual Memory: 96.18 MB used, 96.18 MB peak
[2020.09.25-03.16.29:020][  0]LogMemory: Physical Memory: 7071.97 MB used,  1002.70 MB free, 8074.66 MB total
[2020.09.25-03.16.29:020][  0]LogMemory: Virtual Memory: 5143.70 MB used,  134212584.00 MB free, 134217728.00 MB total
[2020.09.25-03.16.29:036][  0]LogWindows: WindowsPlatformFeatures enabled
[2020.09.25-03.16.29:830][  0]LogInit: Physics initialised using underlying interface: PhysX
[2020.09.25-03.16.29:866][  0]LogInit: Using OS detected language (en-US).
[2020.09.25-03.16.29:866][  0]LogInit: Using OS detected locale (en-US).
[2020.09.25-03.16.29:935][  0]LogTextLocalizationManager: No specific localization for 'en-US' exists, so the 'en' localization will be used.
[2020.09.25-03.16.30:925][  0]LogInit: Setting process to per monitor DPI aware
[2020.09.25-03.16.31:304][  0]LogSlate: New Slate User Created.  User Index 0, Is Virtual User: 0
[2020.09.25-03.16.31:304][  0]LogSlate: Slate User Registered.  User Index 0, Is Virtual User: 0
[2020.09.25-03.16.35:572][  0]LogHMD: Failed to initialize OpenVR with code 110
[2020.09.25-03.16.35:572][  0]LogD3D11RHI: D3D11 min allowed feature level: 11_0
[2020.09.25-03.16.35:572][  0]LogD3D11RHI: D3D11 max allowed feature level: 11_0
[2020.09.25-03.16.35:572][  0]LogD3D11RHI: D3D11 adapters:
[2020.09.25-03.16.35:721][  0]LogD3D11RHI:    0. 'NVIDIA GeForce GTX 1050 Ti' (Feature Level 11_0)
[2020.09.25-03.16.35:721][  0]LogD3D11RHI:       4018/0/4037 MB DedicatedVideo/DedicatedSystem/SharedSystem, Outputs:1, VendorId:0x10de
[2020.09.25-03.16.35:741][  0]LogD3D11RHI:    1. 'Intel(R) HD Graphics 630' (Feature Level 11_0)
[2020.09.25-03.16.35:741][  0]LogD3D11RHI:       128/0/4037 MB DedicatedVideo/DedicatedSystem/SharedSystem, Outputs:0, VendorId:0x8086
[2020.09.25-03.16.35:749][  0]LogD3D11RHI:    2. 'Microsoft Basic Render Driver' (Feature Level 11_0)
[2020.09.25-03.16.35:749][  0]LogD3D11RHI:       0/0/4037 MB DedicatedVideo/DedicatedSystem/SharedSystem, Outputs:0, VendorId:0x1414
[2020.09.25-03.16.35:749][  0]LogD3D11RHI: Chosen D3D11 Adapter: 0
[2020.09.25-03.16.35:789][  0]LogD3D11RHI: Creating new Direct3DDevice
[2020.09.25-03.16.35:789][  0]LogD3D11RHI:     GPU DeviceId: 0x1c8c (for the marketing name, search the web for "GPU Device Id")
[2020.09.25-03.16.35:789][  0]LogWindows: EnumDisplayDevices:
[2020.09.25-03.16.35:789][  0]LogWindows:    0. 'Intel(R) HD Graphics 630' (P:1 D:1)
[2020.09.25-03.16.35:790][  0]LogWindows:    1. 'Intel(R) HD Graphics 630' (P:0 D:0)
[2020.09.25-03.16.35:790][  0]LogWindows:    2. 'Intel(R) HD Graphics 630' (P:0 D:0)
[2020.09.25-03.16.35:790][  0]LogWindows:    3. 'NVIDIA GeForce GTX 1050 Ti' (P:0 D:0)
[2020.09.25-03.16.35:791][  0]LogWindows:    4. 'NVIDIA GeForce GTX 1050 Ti' (P:0 D:0)
[2020.09.25-03.16.35:791][  0]LogWindows:    5. 'NVIDIA GeForce GTX 1050 Ti' (P:0 D:0)
[2020.09.25-03.16.35:791][  0]LogWindows:    6. 'NVIDIA GeForce GTX 1050 Ti' (P:0 D:0)
[2020.09.25-03.16.35:792][  0]LogWindows: DebugString: PrimaryIsNotTheChoosenAdapter PrimaryIsNotTheChoosenAdapter PrimaryIsNotTheChoosenAdapter FoundDriverCount:4 
[2020.09.25-03.16.35:792][  0]LogD3D11RHI:     Adapter Name: NVIDIA GeForce GTX 1050 Ti
[2020.09.25-03.16.35:792][  0]LogD3D11RHI:   Driver Version: 451.67 (internal:27.21.14.5167, unified:451.67)
[2020.09.25-03.16.35:792][  0]LogD3D11RHI:      Driver Date: 7-5-2020
[2020.09.25-03.16.35:792][  0]LogRHI: Texture pool is 2812 MB (70% of 4018 MB)
[2020.09.25-03.16.35:862][  0]LogD3D11RHI: RHI has support for 64 bit atomics
[2020.09.25-03.16.35:865][  0]LogD3D11RHI: [Aftermath] Enabled and primed
[2020.09.25-03.16.35:865][  0]LogD3D11RHI: Async texture creation enabled
[2020.09.25-03.16.35:865][  0]LogD3D11RHI: Array index from any shader is supported
[2020.09.25-03.16.35:999][  0]LogD3D11RHI: GPU Timing Frequency: 1000.000000 (Debug: 2 1)
[2020.09.25-03.16.39:453][  0]LogTargetPlatformManager: Display: Loaded TargetPlatform 'AllDesktop'
[2020.09.25-03.16.39:496][  0]LogTargetPlatformManager: Display: Loaded TargetPlatform 'Android'
[2020.09.25-03.16.39:496][  0]LogTargetPlatformManager: Display: Loaded TargetPlatform 'Android_ASTC'
[2020.09.25-03.16.39:496][  0]LogTargetPlatformManager: Display: Loaded TargetPlatform 'Android_DXT'
[2020.09.25-03.16.39:496][  0]LogTargetPlatformManager: Display: Loaded TargetPlatform 'Android_ETC2'
[2020.09.25-03.16.39:496][  0]LogTargetPlatformManager: Display: Loaded TargetPlatform 'AndroidClient'
[2020.09.25-03.16.39:496][  0]LogTargetPlatformManager: Display: Loaded TargetPlatform 'Android_ASTCClient'
[2020.09.25-03.16.39:496][  0]LogTargetPlatformManager: Display: Loaded TargetPlatform 'Android_DXTClient'
[2020.09.25-03.16.39:496][  0]LogTargetPlatformManager: Display: Loaded TargetPlatform 'Android_ETC2Client'
[2020.09.25-03.16.39:496][  0]LogTargetPlatformManager: Display: Loaded TargetPlatform 'Android_Multi'
[2020.09.25-03.16.39:496][  0]LogTargetPlatformManager: Display: Loaded TargetPlatform 'Android_MultiClient'
[2020.09.25-03.16.39:595][  0]LogTargetPlatformManager: Display: Loaded TargetPlatform 'IOSClient'
[2020.09.25-03.16.39:595][  0]LogTargetPlatformManager: Display: Loaded TargetPlatform 'IOS'
[2020.09.25-03.16.39:643][  0]LogTargetPlatformManager: Display: Loaded TargetPlatform 'Linux'
[2020.09.25-03.16.39:680][  0]LogTargetPlatformManager: Display: Loaded TargetPlatform 'LinuxNoEditor'
[2020.09.25-03.16.39:709][  0]LogTargetPlatformManager: Display: Loaded TargetPlatform 'LinuxClient'
[2020.09.25-03.16.39:720][  0]LogTargetPlatformManager: Display: Loaded TargetPlatform 'LinuxServer'
[2020.09.25-03.16.39:744][  0]LogTargetPlatformManager: Display: Loaded TargetPlatform 'LinuxAArch64NoEditor'
[2020.09.25-03.16.39:758][  0]LogTargetPlatformManager: Display: Loaded TargetPlatform 'LinuxAArch64Client'
[2020.09.25-03.16.39:772][  0]LogTargetPlatformManager: Display: Loaded TargetPlatform 'LinuxAArch64Server'
[2020.09.25-03.16.39:823][  0]LogTargetPlatformManager: Display: Loaded TargetPlatform 'Lumin'
[2020.09.25-03.16.39:823][  0]LogTargetPlatformManager: Display: Loaded TargetPlatform 'LuminClient'
[2020.09.25-03.16.39:852][  0]LogTargetPlatformManager: Display: Loaded TargetPlatform 'TVOSClient'
[2020.09.25-03.16.39:852][  0]LogTargetPlatformManager: Display: Loaded TargetPlatform 'TVOS'
[2020.09.25-03.16.39:880][  0]LogTargetPlatformManager: Display: Loaded TargetPlatform 'WindowsNoEditor'
[2020.09.25-03.16.39:896][  0]LogTargetPlatformManager: Display: Loaded TargetPlatform 'Windows'
[2020.09.25-03.16.39:924][  0]LogTargetPlatformManager: Display: Loaded TargetPlatform 'WindowsClient'
[2020.09.25-03.16.39:958][  0]LogTargetPlatformManager: Display: Loaded TargetPlatform 'WindowsServer'
[2020.09.25-03.16.39:958][  0]LogTargetPlatformManager: Display: Building Assets For Windows
[2020.09.25-03.16.40:096][  0]LogAudioDebug: Display: Lib vorbis DLL was dynamically loaded.
[2020.09.25-03.16.40:690][  0]LogShaderCompilers: Guid format shader working directory is -23 characters bigger than the processId version (C:/Users/edwar/Documents/GitHub/PotionBombTheZombs/PotionBombTheZombs/Intermediate/Shaders/WorkingDirectory/7064/).
[2020.09.25-03.16.40:690][  0]LogShaderCompilers: Cleaned the shader compiler working directory 'C:/Users/edwar/AppData/Local/Temp/UnrealShaderWorkingDir/71EC2E424F10AF47DE05ECBF54734C3A/'.
[2020.09.25-03.16.40:740][  0]LogXGEController: Cannot use XGE Controller as Incredibuild is not installed on this machine.
[2020.09.25-03.16.40:740][  0]LogShaderCompilers: Cannot use XGE Shader Compiler as Incredibuild is not installed on this machine.
[2020.09.25-03.16.40:740][  0]LogShaderCompilers: Display: Using Local Shader Compiler.
[2020.09.25-03.16.51:234][  0]LogDerivedDataCache: Display: Max Cache Size: 512 MB
[2020.09.25-03.16.51:544][  0]LogDerivedDataCache: Loaded boot cache 0.31s 75MB C:/Users/edwar/AppData/Local/UnrealEngine/4.25/DerivedDataCache/Boot.ddc.
[2020.09.25-03.16.51:544][  0]LogDerivedDataCache: Display: Loaded Boot cache: C:/Users/edwar/AppData/Local/UnrealEngine/4.25/DerivedDataCache/Boot.ddc
[2020.09.25-03.16.51:544][  0]LogDerivedDataCache: FDerivedDataBackendGraph:  Pak pak cache file C:/Users/edwar/Documents/GitHub/PotionBombTheZombs/PotionBombTheZombs/DerivedDataCache/DDC.ddp not found, will not use a pak cache.
[2020.09.25-03.16.51:544][  0]LogDerivedDataCache: Unable to find inner node Pak for hierarchical cache Hierarchy.
[2020.09.25-03.16.51:544][  0]LogDerivedDataCache: FDerivedDataBackendGraph:  CompressedPak pak cache file C:/Users/edwar/Documents/GitHub/PotionBombTheZombs/PotionBombTheZombs/DerivedDataCache/Compressed.ddp not found, will not use a pak cache.
[2020.09.25-03.16.51:544][  0]LogDerivedDataCache: Unable to find inner node CompressedPak for hierarchical cache Hierarchy.
[2020.09.25-03.16.51:587][  0]LogDerivedDataCache: Display: Pak cache opened for reading ../../../Engine/DerivedDataCache/Compressed.ddp.
[2020.09.25-03.16.51:587][  0]LogDerivedDataCache: FDerivedDataBackendGraph:  EnterprisePak pak cache file ../../../Enterprise/DerivedDataCache/Compressed.ddp not found, will not use a pak cache.
[2020.09.25-03.16.51:587][  0]LogDerivedDataCache: Unable to find inner node EnterprisePak for hierarchical cache Hierarchy.
[2020.09.25-03.16.51:589][  0]LogDerivedDataCache: Using Local data cache path C:/Users/edwar/AppData/Local/UnrealEngine/Common/DerivedDataCache: Writable
[2020.09.25-03.16.51:589][  0]LogDerivedDataCache: Shared data cache path not found in *engine.ini, will not use an Shared cache.
[2020.09.25-03.16.51:589][  0]LogDerivedDataCache: Unable to find inner node Shared for hierarchical cache Hierarchy.
[2020.09.25-03.16.51:663][  0]LogSlate: Using FreeType 2.10.0
[2020.09.25-03.16.51:747][  0]LogSlate: SlateFontServices - WITH_FREETYPE: 1, WITH_HARFBUZZ: 1
[2020.09.25-03.16.52:984][  0]LogAssetRegistry: FAssetRegistry took 0.0092 seconds to start up
[2020.09.25-03.16.58:023][  0]LogInit: Selected Device Profile: [Windows]
[2020.09.25-03.17.01:138][  0]LogMeshReduction: Using QuadricMeshReduction for automatic static mesh reduction
[2020.09.25-03.17.01:138][  0]LogMeshReduction: Using SimplygonMeshReduction for automatic skeletal mesh reduction
[2020.09.25-03.17.01:138][  0]LogMeshReduction: Using ProxyLODMeshReduction for automatic mesh merging
[2020.09.25-03.17.01:138][  0]LogMeshReduction: No distributed automatic mesh merging module available
[2020.09.25-03.17.01:138][  0]LogMeshMerging: No distributed automatic mesh merging module available
[2020.09.25-03.17.02:118][  0]LogNetVersion: PotionBombTheZombs 1.0.0, NetCL: 13144385, EngineNetVer: 14, GameNetVer: 0 (Checksum: 2111352588)
[2020.09.25-03.17.30:401][  0]LogAISub: UAISubsystem::UAISubsystem AISubsystem (000001FA9402ED80), frame # 0
[2020.09.25-03.17.30:401][  0]LogAISub: UAISubsystem::UAISubsystem AIPerceptionSystem (000001FA93FD6AC0), frame # 0
[2020.09.25-03.17.30:593][  0]LogAISub: UAISubsystem::UAISubsystem EnvQueryManager (000001FA94031C00), frame # 0
[2020.09.25-03.17.31:236][  0]LogAssetRegistry: Error: Failed to open file for write C:/Users/edwar/Documents/GitHub/PotionBombTheZombs/PotionBombTheZombs/Intermediate/AssetRegistryCache/2657c409.bin
[2020.09.25-03.17.31:338][  0]LogAssetRegistry: Error: Failed to open file for write C:/Users/edwar/Documents/GitHub/PotionBombTheZombs/PotionBombTheZombs/Intermediate/AssetRegistryCache/866581fd.bin
[2020.09.25-03.17.31:348][  0]LogAssetRegistry: Error: Failed to open file for write C:/Users/edwar/Documents/GitHub/PotionBombTheZombs/PotionBombTheZombs/Intermediate/AssetRegistryCache/218409f6.bin
[2020.09.25-03.17.31:356][  0]LogAssetRegistry: Error: Failed to open file for write C:/Users/edwar/Documents/GitHub/PotionBombTheZombs/PotionBombTheZombs/Intermediate/AssetRegistryCache/089bc3de.bin
[2020.09.25-03.17.31:363][  0]LogAssetRegistry: Error: Failed to open file for write C:/Users/edwar/Documents/GitHub/PotionBombTheZombs/PotionBombTheZombs/Intermediate/AssetRegistryCache/9c1a1723.bin
[2020.09.25-03.17.31:371][  0]LogAssetRegistry: Error: Failed to open file for write C:/Users/edwar/Documents/GitHub/PotionBombTheZombs/PotionBombTheZombs/Intermediate/AssetRegistryCache/09b713d3.bin
[2020.09.25-03.17.31:384][  0]LogAssetRegistry: Error: Failed to open file for write C:/Users/edwar/Documents/GitHub/PotionBombTheZombs/PotionBombTheZombs/Intermediate/AssetRegistryCache/58fb7916.bin
[2020.09.25-03.17.31:391][  0]LogAssetRegistry: Error: Failed to open file for write C:/Users/edwar/Documents/GitHub/PotionBombTheZombs/PotionBombTheZombs/Intermediate/AssetRegistryCache/c788b007.bin
[2020.09.25-03.17.31:398][  0]LogAssetRegistry: Error: Failed to open file for write C:/Users/edwar/Documents/GitHub/PotionBombTheZombs/PotionBombTheZombs/Intermediate/AssetRegistryCache/d63b3057.bin
[2020.09.25-03.17.31:405][  0]LogPackageLocalizationCache: Processed 19 localized package path(s) for 1 prioritized culture(s) in 0.175515 seconds
[2020.09.25-03.17.31:455][  0]LogUObjectArray: 15917 objects as part of root set at end of initial load.
[2020.09.25-03.17.31:455][  0]LogUObjectAllocator: 3965568 out of 0 bytes used by permanent object pool.
[2020.09.25-03.17.31:455][  0]LogUObjectArray: CloseDisregardForGC: 0/0 objects in disregard for GC pool
[2020.09.25-03.17.42:324][  0]LogTcpMessaging: Initializing TcpMessaging bridge
[2020.09.25-03.17.42:394][  0]LogUdpMessaging: Initializing bridge on interface 0.0.0.0:0 to multicast group 230.0.0.1:6666.
[2020.09.25-03.17.43:938][  0]LogLinker: Warning: Failed to load '/Game/FirstPersonBP/FirstPersonOverview': Can't find file.
[2020.09.25-03.17.43:938][  0]LogLinker: Warning: Failed to load '/Game/FirstPersonBP/FirstPersonOverview': Can't find file.
[2020.09.25-03.17.43:938][  0]LogUObjectGlobals: Warning: Failed to find object 'Class /Game/FirstPersonBP/FirstPersonOverview.FirstPersonOverview_C'
[2020.09.25-03.17.44:455][  0]SourceControl: Source control is disabled
[2020.09.25-03.17.44:455][  0]SourceControl: Source control is disabled
[2020.09.25-03.17.44:599][  0]SourceControl: Source control is disabled
[2020.09.25-03.17.44:680][  0]SourceControl: Source control is disabled
[2020.09.25-03.17.44:777][  0]SourceControl: Source control is disabled
[2020.09.25-03.17.50:393][  0]LogAndroidPermission: UAndroidPermissionCallbackProxy::GetInstance
[2020.09.25-03.17.50:645][  0]LogAudioCaptureCore: Display: No Audio Capture implementations found. Audio input will be silent.
[2020.09.25-03.17.50:645][  0]LogAudioCaptureCore: Display: No Audio Capture implementations found. Audio input will be silent.
[2020.09.25-03.17.51:162][  0]LogOcInput: OculusInput pre-init called
[2020.09.25-03.17.51:248][  0]LogWindows: Failed to load 'OVRPlugin.dll' (GetLastError=126)
[2020.09.25-03.17.51:248][  0]LogWindows: File 'OVRPlugin.dll' does not exist
[2020.09.25-03.17.52:494][  0]LogEngine: Initializing Engine...
[2020.09.25-03.17.52:551][  0]LogHMD: Failed to initialize OpenVR with code 110
[2020.09.25-03.17.52:551][  0]LogMagicLeap: Warning: VR disabled because ZI is not enabled.  To enable, in the editor, Edit -> Project Settings -> Plugins -> Magic Leap Plugin -> Enable Zero Iteration
[2020.09.25-03.17.52:611][  0]LogStats: UGameplayTagsManager::InitializeManager -  0.030 s
[2020.09.25-03.17.53:853][  0]LogInit: Initializing FReadOnlyCVARCache
[2020.09.25-03.17.58:255][  0]LogAIModule: Creating AISystem for world Untitled
[2020.09.25-03.17.58:255][  0]LogAISub: UAISubsystem::UAISubsystem EnvQueryManager (000001FA97510600), frame # 0
[2020.09.25-03.17.58:255][  0]LogAISub: UAISubsystem::UAISubsystem AIPerceptionSystem (000001FA9751CB80), frame # 0
[2020.09.25-03.17.58:950][  0]LogAudioMixer: Display: Audio Mixer Platform Settings:
[2020.09.25-03.17.58:950][  0]LogAudioMixer: Display: 	Sample Rate:						  48000
[2020.09.25-03.17.58:950][  0]LogAudioMixer: Display: 	Callback Buffer Frame Size Requested: 1024
[2020.09.25-03.17.58:950][  0]LogAudioMixer: Display: 	Callback Buffer Frame Size To Use:	  1024
[2020.09.25-03.17.58:950][  0]LogAudioMixer: Display: 	Number of buffers to queue:			  2
[2020.09.25-03.17.58:950][  0]LogAudioMixer: Display: 	Max Channels (voices):				  32
[2020.09.25-03.17.58:951][  0]LogAudioMixer: Display: 	Number of Async Source Workers:		  0
[2020.09.25-03.17.58:951][  0]LogAudio: Display: AudioDevice MaxSources: 32
[2020.09.25-03.17.59:091][  0]LogAudio: Display: Using built-in audio occlusion.
[2020.09.25-03.17.59:091][  0]LogAudioMixer: Display: Initializing audio mixer.
[2020.09.25-03.17.59:403][  0]LogAudioMixer: Display: 0: FrontLeft
[2020.09.25-03.17.59:403][  0]LogAudioMixer: Display: 1: FrontRight
[2020.09.25-03.17.59:729][  0]LogAudioMixer: Display: Using Audio Device Speaker/Headphone (Realtek High Definition Audio)
[2020.09.25-03.17.59:730][  0]LogAudioMixer: Display: Initializing Sound Submixes...
[2020.09.25-03.17.59:949][  0]LogAudioMixer: Display: Creating Master Submix 'MasterSubmixDefault'
[2020.09.25-03.17.59:949][  0]LogAudioMixer: Display: Creating Master Submix 'MasterReverbSubmixDefault'
[2020.09.25-03.17.59:973][  0]LogAudioMixer: Display: Creating Master Submix 'MasterEQSubmixDefault'
[2020.09.25-03.17.59:974][  0]LogInit: FAudioDevice initialized.
[2020.09.25-03.18.00:085][  0]LogNetVersion: Set ProjectVersion to 1.0.0.0. Version Checksum will be recalculated on next use.
[2020.09.25-03.18.00:252][  0]LogDerivedDataCache: Saved boot cache 0.17s 75MB C:/Users/edwar/AppData/Local/UnrealEngine/4.25/DerivedDataCache/Boot.ddc.
[2020.09.25-03.18.00:338][  0]LogInit: Texture streaming: Enabled
[2020.09.25-03.18.01:189][  0]LogEngineSessionManager: EngineSessionManager initialized
[2020.09.25-03.18.01:270][  0]LogEditorSessionSummary: Verbose: Initializing EditorSessionSummaryWriter for editor session tracking
[2020.09.25-03.18.04:465][  0]LogInit: Transaction tracking system initialized
[2020.09.25-03.18.06:850][  0]BlueprintLog: New page: Editor Load
[2020.09.25-03.18.21:675][  0]LocalizationService: Localization service is disabled
[2020.09.25-03.18.31:728][  0]LogFileCache: Scanning file cache for directory 'C:/Users/edwar/Documents/GitHub/PotionBombTheZombs/PotionBombTheZombs/Content/' took 0.04s
[2020.09.25-03.18.31:796][  0]LogCook: Display: Max memory allowance for cook 16384mb min free memory 0mb
[2020.09.25-03.18.31:826][  0]LogCook: Display: Mobile HDR setting 1
[2020.09.25-03.18.49:737][  0]SourceControl: Source control is disabled
[2020.09.25-03.18.49:737][  0]LogUnrealEdMisc: Loading editor; pre map load, took 165.349
[2020.09.25-03.18.49:780][  0]Cmd: MAP LOAD FILE="C:/Users/edwar/Documents/GitHub/PotionBombTheZombs/PotionBombTheZombs/Content/PotionBombTheZombs/PBtZ.umap" TEMPLATE=0 SHOWPROGRESS=1 FEATURELEVEL=3
[2020.09.25-03.18.49:832][  0]LightingResults: New page: Lighting Build
[2020.09.25-03.18.49:970][  0]LogWorld: UWorld::CleanupWorld for Untitled, bSessionEnded=true, bCleanupResources=true
[2020.09.25-03.18.49:970][  0]LogSlate: InvalidateAllWidgets triggered.  All widgets were invalidated
[2020.09.25-03.18.50:014][  0]MapCheck: New page: Map Check
[2020.09.25-03.18.50:014][  0]LightingResults: New page: Lighting Build
[2020.09.25-03.18.50:413][  0]LogAISub: UAISubsystem::~UAISubsystem EnvQueryManager (000001FA97510600), frame # 0
[2020.09.25-03.18.50:413][  0]LogAISub: UAISubsystem::~UAISubsystem AIPerceptionSystem (000001FA9751CB80), frame # 0
[2020.09.25-03.18.50:424][  0]LogUObjectHash: Compacting FUObjectHashTables data took   1.23ms
[2020.09.25-03.18.53:496][  0]LogAIModule: Creating AISystem for world PBtZ
[2020.09.25-03.18.53:496][  0]LogAISub: UAISubsystem::UAISubsystem EnvQueryManager (000001FA89B37000), frame # 0
[2020.09.25-03.18.53:496][  0]LogAISub: UAISubsystem::UAISubsystem AIPerceptionSystem (000001FA89BD6200), frame # 0
[2020.09.25-03.18.54:275][  0]LogEditorServer: Finished looking for orphan Actors (0.000 secs)
[2020.09.25-03.18.54:726][  0]LogUObjectHash: Compacting FUObjectHashTables data took   1.88ms
[2020.09.25-03.18.54:869][  0]Cmd: MAP CHECKDEP NOCLEARLOG
[2020.09.25-03.18.54:954][  0]MapCheck: Map check complete: 0 Error(s), 0 Warning(s), took 46.818ms to complete.
[2020.09.25-03.18.54:954][  0]LogFileHelpers: Loading map 'PBtZ' took 5.174
[2020.09.25-03.18.55:534][  0]LogUnrealEdMisc: Total Editor Startup Time, took 171.145
[2020.09.25-03.18.59:795][  0]LogSlate: Updating window title bar state: overlay mode, drag disabled, window buttons hidden, title bar hidden
[2020.09.25-03.18.59:825][  0]LogSlate: Updating window title bar state: overlay mode, drag disabled, window buttons hidden, title bar hidden
[2020.09.25-03.18.59:833][  0]LogSlate: Updating window title bar state: overlay mode, drag disabled, window buttons hidden, title bar hidden
[2020.09.25-03.18.59:841][  0]LogSlate: Updating window title bar state: overlay mode, drag disabled, window buttons hidden, title bar hidden
[2020.09.25-03.19.00:369][  0]LogCollectionManager: Loaded 0 collections in 0.001117 seconds
[2020.09.25-03.19.01:078][  0]LogFileCache: Scanning file cache for directory 'C:/Users/edwar/Documents/GitHub/PotionBombTheZombs/PotionBombTheZombs/Saved/Collections/' took 0.00s
[2020.09.25-03.19.01:078][  0]LogFileCache: Scanning file cache for directory 'C:/Users/edwar/Documents/GitHub/PotionBombTheZombs/PotionBombTheZombs/Content/Developers/edwar/Collections/' took 0.00s
[2020.09.25-03.19.01:078][  0]LogFileCache: Scanning file cache for directory 'C:/Users/edwar/Documents/GitHub/PotionBombTheZombs/PotionBombTheZombs/Content/Collections/' took 0.00s
[2020.09.25-03.19.01:078][  0]LogContentBrowser: Native class hierarchy populated in 0.0487 seconds. Added 3427 classes and 821 folders.
[2020.09.25-03.19.01:797][  0]LogContentBrowser: Native class hierarchy updated for 'WidgetCarousel' in 0.0005 seconds. Added 0 classes and 0 folders.
[2020.09.25-03.19.07:738][  0]LogContentBrowser: Native class hierarchy updated for 'AddContentDialog' in 0.0003 seconds. Added 0 classes and 0 folders.
[2020.09.25-03.19.07:810][  0]LogContentBrowser: Native class hierarchy updated for 'SceneOutliner' in 0.0004 seconds. Added 2 classes and 0 folders.
[2020.09.25-03.19.09:214][  0]LogSlate: Took 0.124170 seconds to synchronously load lazily loaded font '../../../Engine/Content/Slate/Fonts/Roboto-Regular.ttf' (155K)
[2020.09.25-03.19.09:295][  0]LogSlate: Took 0.078481 seconds to synchronously load lazily loaded font '../../../Engine/Content/Slate/Fonts/Roboto-Bold.ttf' (160K)
[2020.09.25-03.19.09:558][  0]LogSlate: Took 0.197655 seconds to synchronously load lazily loaded font '../../../Engine/Content/Editor/Slate/Fonts/FontAwesome.ttf' (139K)
[2020.09.25-03.19.10:678][  0]LogRenderer: Reallocating scene render targets to support 784x432 Format 10 NumSamples 1 (Frame:1).
[2020.09.25-03.19.12:686][  0]LogContentBrowser: Native class hierarchy updated for 'HierarchicalLODOutliner' in 0.0005 seconds. Added 0 classes and 0 folders.
[2020.09.25-03.19.12:686][  0]LogLoad: (Engine Initialization) Total time: 188.30 seconds
[2020.09.25-03.19.12:686][  0]LogLoad: (Engine Initialization) Total Blueprint compile time: 0.00 seconds
[2020.09.25-03.19.13:030][  0]LogEditorSessionSummary: Verbose: Initializing EditorSessionSummaryWriter for editor session tracking
[2020.09.25-03.19.13:034][  0]LogEditorSessionSummary: EditorSessionSummaryWriter initialized
[2020.09.25-03.19.15:319][  0]LogContentStreaming: Texture pool size now 1000 MB
[2020.09.25-03.19.16:225][  0]LogSlate: Took 0.104478 seconds to synchronously load lazily loaded font '../../../Engine/Content/Slate/Fonts/Roboto-Light.ttf' (167K)
[2020.09.25-03.19.17:508][  2]LogAssetRegistry: Asset discovery search completed in 144.5258 seconds
[2020.09.25-03.19.17:532][  2]LogCollectionManager: Fixed up redirectors for 0 collections in 0.000010 seconds (updated 0 objects)
[2020.09.25-03.19.17:589][  2]LogSlate: Took 0.000264 seconds to synchronously load lazily loaded font '../../../Engine/Content/Slate/Fonts/Roboto-Light.ttf' (167K)
[2020.09.25-03.20.06:351][571]LogWindows: Warning: CreateProc failed: The system cannot find the file specified. (0x00000002)
[2020.09.25-03.20.06:351][571]LogWindows: Warning: URL: C:/Program Files/Git/bin/git.exe version
[2020.09.25-03.20.06:352][571]LogWindows: Warning: CreateProc failed: The system cannot find the file specified. (0x00000002)
[2020.09.25-03.20.06:352][571]LogWindows: Warning: URL: C:/Program Files (x86)/Git/bin/git.exe version
[2020.09.25-03.20.06:360][571]LogWindows: Warning: CreateProc failed: The system cannot find the file specified. (0x00000002)
[2020.09.25-03.20.06:360][571]LogWindows: Warning: URL: C:\Users\edwar\AppData\Local/Programs/Git/cmd/git.exe version
[2020.09.25-03.20.06:360][571]LogWindows: Warning: CreateProc failed: The system cannot find the file specified. (0x00000002)
[2020.09.25-03.20.06:360][571]LogWindows: Warning: URL: C:/Program Files (x86)/SmartGit/git/bin/git.exe version
[2020.09.25-03.20.06:360][571]LogWindows: Warning: CreateProc failed: The system cannot find the file specified. (0x00000002)
[2020.09.25-03.20.06:360][571]LogWindows: Warning: URL: C:/Program Files (x86)/SmartGit/bin/git.exe version
[2020.09.25-03.20.06:360][571]LogWindows: Warning: CreateProc failed: The system cannot find the file specified. (0x00000002)
[2020.09.25-03.20.06:360][571]LogWindows: Warning: URL: C:\Users\edwar\AppData\Local/Atlassian/SourceTree/git_local/bin/git.exe version
[2020.09.25-03.20.06:361][571]LogWindows: Warning: CreateProc failed: The system cannot find the file specified. (0x00000002)
[2020.09.25-03.20.06:361][571]LogWindows: Warning: URL: C:/Program Files (x86)/fournova/Tower/vendor/Git/bin/git.exe version
[2020.09.25-03.20.10:439][808]LogWindows: Warning: CreateProc failed: Access is denied. (0x00000005)
[2020.09.25-03.20.10:439][808]LogWindows: Warning: URL: D:/Epic_Launcher/UE_4.25/Engine/Binaries/Win64/ version
[2020.09.25-03.20.44:161][242]LogSlate: Window 'Source Control Login' being destroyed
[2020.09.25-03.20.53:964][793]SourceControl: fatal: D:/Epic_Launcher/UE_4.25/Engine/Content: 'D:/Epic_Launcher/UE_4.25/Engine/Content' is outside repository at 'C:/Users/edwar/Documents/GitHub/PotionBombTheZombs'
[2020.09.25-03.20.53:964][793]SourceControl: fatal: D:/Epic_Launcher/UE_4.25/Engine/Plugins/2D/Paper2D/Content: 'D:/Epic_Launcher/UE_4.25/Engine/Plugins/2D/Paper2D/Content' is outside repository at 'C:/Users/edwar/Documents/GitHub/PotionBombTheZombs'
[2020.09.25-03.20.53:964][793]SourceControl: fatal: D:/Epic_Launcher/UE_4.25/Engine/Plugins/Developer/AnimationSharing/Content: 'D:/Epic_Launcher/UE_4.25/Engine/Plugins/Developer/AnimationSharing/Content' is outside repository at 'C:/Users/edwar/Documents/GitHub/PotionBombTheZombs'
[2020.09.25-03.20.53:964][793]SourceControl: fatal: D:/Epic_Launcher/UE_4.25/Engine/Plugins/Editor/GeometryMode/Content: 'D:/Epic_Launcher/UE_4.25/Engine/Plugins/Editor/GeometryMode/Content' is outside repository at 'C:/Users/edwar/Documents/GitHub/PotionBombTheZombs'
[2020.09.25-03.20.53:964][793]SourceControl: fatal: D:/Epic_Launcher/UE_4.25/Engine/Plugins/Enterprise/DatasmithContent/Content: 'D:/Epic_Launcher/UE_4.25/Engine/Plugins/Enterprise/DatasmithContent/Content' is outside repository at 'C:/Users/edwar/Documents/GitHub/PotionBombTheZombs'
[2020.09.25-03.20.53:964][793]SourceControl: fatal: D:/Epic_Launcher/UE_4.25/Engine/Plugins/Experimental/ChaosClothEditor/Content: 'D:/Epic_Launcher/UE_4.25/Engine/Plugins/Experimental/ChaosClothEditor/Content' is outside repository at 'C:/Users/edwar/Documents/GitHub/PotionBombTheZombs'
[2020.09.25-03.20.53:964][793]SourceControl: fatal: D:/Epic_Launcher/UE_4.25/Engine/Plugins/Experimental/ChaosNiagara/Content: 'D:/Epic_Launcher/UE_4.25/Engine/Plugins/Experimental/ChaosNiagara/Content' is outside repository at 'C:/Users/edwar/Documents/GitHub/PotionBombTheZombs'
[2020.09.25-03.20.53:964][793]SourceControl: fatal: D:/Epic_Launcher/UE_4.25/Engine/Plugins/Experimental/ChaosSolverPlugin/Content: 'D:/Epic_Launcher/UE_4.25/Engine/Plugins/Experimental/ChaosSolverPlugin/Content' is outside repository at 'C:/Users/edwar/Documents/GitHub/PotionBombTheZombs'
[2020.09.25-03.20.53:964][793]SourceControl: fatal: D:/Epic_Launcher/UE_4.25/Engine/Plugins/Experimental/GeometryCollectionPlugin/Content: 'D:/Epic_Launcher/UE_4.25/Engine/Plugins/Experimental/GeometryCollectionPlugin/Content' is outside repository at 'C:/Users/edwar/Documents/GitHub/PotionBombTheZombs'
[2020.09.25-03.20.53:964][793]SourceControl: fatal: D:/Epic_Launcher/UE_4.25/Engine/Plugins/Experimental/GeometryProcessing/Content: 'D:/Epic_Launcher/UE_4.25/Engine/Plugins/Experimental/GeometryProcessing/Content' is outside repository at 'C:/Users/edwar/Documents/GitHub/PotionBombTheZombs'
[2020.09.25-03.20.53:964][793]SourceControl: fatal: D:/Epic_Launcher/UE_4.25/Engine/Plugins/FX/Niagara/Content: 'D:/Epic_Launcher/UE_4.25/Engine/Plugins/FX/Niagara/Content' is outside repository at 'C:/Users/edwar/Documents/GitHub/PotionBombTheZombs'
[2020.09.25-03.20.53:964][793]SourceControl: fatal: D:/Epic_Launcher/UE_4.25/Engine/Plugins/Lumin/MagicLeap/Content: 'D:/Epic_Launcher/UE_4.25/Engine/Plugins/Lumin/MagicLeap/Content' is outside repository at 'C:/Users/edwar/Documents/GitHub/PotionBombTheZombs'
[2020.09.25-03.20.53:965][793]SourceControl: fatal: D:/Epic_Launcher/UE_4.25/Engine/Plugins/Lumin/MagicLeapPassableWorld/Content: 'D:/Epic_Launcher/UE_4.25/Engine/Plugins/Lumin/MagicLeapPassableWorld/Content' is outside repository at 'C:/Users/edwar/Documents/GitHub/PotionBombTheZombs'
[2020.09.25-03.20.53:965][793]SourceControl: fatal: D:/Epic_Launcher/UE_4.25/Engine/Plugins/Media/MediaCompositing/Content: 'D:/Epic_Launcher/UE_4.25/Engine/Plugins/Media/MediaCompositing/Content' is outside repository at 'C:/Users/edwar/Documents/GitHub/PotionBombTheZombs'
[2020.09.25-03.20.53:965][793]SourceControl: fatal: D:/Epic_Launcher/UE_4.25/Engine/Plugins/MovieScene/MovieRenderPipeline/Content: 'D:/Epic_Launcher/UE_4.25/Engine/Plugins/MovieScene/MovieRenderPipeline/Content' is outside repository at 'C:/Users/edwar/Documents/GitHub/PotionBombTheZombs'
[2020.09.25-03.20.53:965][793]SourceControl: fatal: D:/Epic_Launcher/UE_4.25/Engine/Plugins/Runtime/Oculus/OculusVR/Content: 'D:/Epic_Launcher/UE_4.25/Engine/Plugins/Runtime/Oculus/OculusVR/Content' is outside repository at 'C:/Users/edwar/Documents/GitHub/PotionBombTheZombs'
[2020.09.25-03.20.53:965][793]SourceControl: fatal: D:/Epic_Launcher/UE_4.25/Engine/Plugins/Runtime/PostSplashScreen/Content: 'D:/Epic_Launcher/UE_4.25/Engine/Plugins/Runtime/PostSplashScreen/Content' is outside repository at 'C:/Users/edwar/Documents/GitHub/PotionBombTheZombs'
[2020.09.25-03.20.53:965][793]SourceControl: fatal: D:/Epic_Launcher/UE_4.25/Engine/Plugins/Runtime/Steam/SteamVR/Content: 'D:/Epic_Launcher/UE_4.25/Engine/Plugins/Runtime/Steam/SteamVR/Content' is outside repository at 'C:/Users/edwar/Documents/GitHub/PotionBombTheZombs'
[2020.09.25-03.20.55:285][793]EditorErrors: Warning: No assets to check in!
[2020.09.25-03.22.30:737][592]LogSlate: Window 'Pick Parent Class' being destroyed
[2020.09.25-03.22.39:850][ 77]LogAssetEditorSubsystem: Opening Asset editor for Blueprint /Game/PotionBombTheZombs/Blueprints/BP_Potion.BP_Potion
[2020.09.25-03.22.40:195][ 77]LogContentBrowser: Native class hierarchy updated for 'BlueprintGraph' in 0.0007 seconds. Added 125 classes and 0 folders.
[2020.09.25-03.22.41:320][ 77]LogRenderer: Reallocating scene render targets to support 788x536 Format 10 NumSamples 1 (Frame:1).
[2020.09.25-03.23.13:989][859]Cmd: BRUSH ADD SELECTNEWBRUSH
[2020.09.25-03.23.15:976][906]Cmd: CAMERA ALIGN ACTIVEVIEWPORTONLY
[2020.09.25-03.23.54:708][153]Cmd: CAMERA ALIGN ACTIVEVIEWPORTONLY
[2020.09.25-03.23.56:862][274]Cmd: CAMERA ALIGN ACTIVEVIEWPORTONLY
[2020.09.25-03.24.22:126][729]LogSlate: Window 'Select Path' being destroyed
[2020.09.25-03.24.22:335][729]LogStaticMesh: Building static mesh SM_Potion...
[2020.09.25-03.24.22:517][729]LogStaticMesh: Built static mesh [0.19s] /Game/PotionBombTheZombs/Static_Meshes/SM_Potion.SM_Potion
[2020.09.25-03.24.22:559][729]LogActorFactory: Actor Factory created SM_Potion
[2020.09.25-03.24.22:905][729]LogEditor: Error: Actor 'Brush /Game/PotionBombTheZombs/PBtZ.PBtZ:PersistentLevel.SphereBrush' is marked pending kill and cannot be converted
[2020.09.25-03.24.22:905][729]EditorErrors: New page: Actor Reattachment
[2020.09.25-03.24.22:929][729]LogUObjectHash: Compacting FUObjectHashTables data took   3.41ms
[2020.09.25-03.24.26:695][921]Cmd: DELETE
[2020.09.25-03.24.26:695][921]Cmd: ACTOR DELETE
[2020.09.25-03.24.27:085][921]LogEditorActor: Deleted Actor: StaticMeshActor
[2020.09.25-03.24.27:104][921]LogUObjectHash: Compacting FUObjectHashTables data took   0.46ms
[2020.09.25-03.24.27:106][921]LogEditorActor: Deleted 1 Actors (0.089 secs)
[2020.09.25-03.24.31:490][165]LogSlate: Took 0.000491 seconds to synchronously load lazily loaded font '../../../Engine/Content/Slate/Fonts/Roboto-Italic.ttf' (157K)
[2020.09.25-03.24.55:687][391]BlueprintLog: New page: Compile BP_Potion
[2020.09.25-03.24.55:898][391]LogUObjectHash: Compacting FUObjectHashTables data took   4.23ms
[2020.09.25-03.24.56:107][391]LogSlate: Took 0.113559 seconds to synchronously load lazily loaded font '../../../Engine/Content/Slate/Fonts/DroidSansMono.ttf' (77K)
[2020.09.25-03.24.56:692][416]LogSlate: Took 0.000322 seconds to synchronously load lazily loaded font '../../../Engine/Content/Slate/Fonts/Roboto-BoldCondensed.ttf' (158K)
[2020.09.25-03.25.04:852][845]LogProperty: Warning: ObjectProperty /Script/Engine.MemberReference:MemberParent: unresolved reference to 'BlueprintGeneratedClass'"/Game/PotionBombTheZombs/Blueprints/BPI_ModifyHP.BPI_ModifyHP_C"',MemberName="Mod HP",MemberGuid=956A245545AA7335A72EFE8DF50E3274)'
[2020.09.25-03.25.55:158][792]LogUObjectHash: Compacting FUObjectHashTables data took   3.06ms
[2020.09.25-03.25.55:206][792]LogMetaData: Removing '/Game/PotionBombTheZombs/Blueprints/BPI_ModifyHP.SKEL_BPI_ModifyHP_C' ref from Metadata '/Game/PotionBombTheZombs/Blueprints/BPI_ModHP.PackageMetaData'
[2020.09.25-03.25.55:206][792]LogMetaData: Removing '/Game/PotionBombTheZombs/Blueprints/BPI_ModifyHP.BPI_ModifyHP_C' ref from Metadata '/Game/PotionBombTheZombs/Blueprints/BPI_ModHP.PackageMetaData'
[2020.09.25-03.25.55:396][792]LogSavePackage: Moving 'C:/Users/edwar/Documents/GitHub/PotionBombTheZombs/PotionBombTheZombs/Saved/BPI_ModifyHP060C1FC346BAF28D261562880510EF49.tmp' to 'C:/Users/edwar/Documents/GitHub/PotionBombTheZombs/PotionBombTheZombs/Content/PotionBombTheZombs/Blueprints/BPI_ModifyHP.uasset'
[2020.09.25-03.25.56:628][792]LogUObjectHash: Compacting FUObjectHashTables data took   2.93ms
[2020.09.25-03.25.56:696][792]LogUObjectHash: Compacting FUObjectHashTables data took   2.18ms
[2020.09.25-03.25.56:722][792]LogUObjectHash: Compacting FUObjectHashTables data took   1.02ms
[2020.09.25-03.25.56:837][792]AssetCheck: New page: Asset Save: BPI_ModifyHP
[2020.09.25-03.25.56:837][792]LogContentValidation: Display: Validating Blueprint /Game/PotionBombTheZombs/Blueprints/BPI_ModifyHP.BPI_ModifyHP
[2020.09.25-03.25.59:488][937]LogAssetEditorSubsystem: Opening Asset editor for Blueprint /Game/PotionBombTheZombs/Blueprints/BPI_ModifyHP.BPI_ModifyHP
[2020.09.25-03.26.19:754][649]LogSlate: Took 0.026768 seconds to synchronously load lazily loaded font '../../../Engine/Content/Slate/Fonts/Roboto-BoldCondensedItalic.ttf' (160K)
[2020.09.25-03.26.59:862][ 29]BlueprintLog: New page: Compile BPI_ModifyHP
[2020.09.25-03.26.59:892][ 29]LogUObjectHash: Compacting FUObjectHashTables data took   3.78ms
[2020.09.25-03.27.23:993][620]LogSlate: Prevented a slow task dialog from being summoned while a context menu was open
[2020.09.25-03.28.00:123][463]LogAssetEditorSubsystem: Opening Asset editor for Blueprint /Game/PotionBombTheZombs/Blueprints/BP_Zombear.BP_Zombear
[2020.09.25-03.28.48:763][  6]BlueprintLog: New page: Compile BP_Zombear
[2020.09.25-03.28.48:872][  6]LogUObjectHash: Compacting FUObjectHashTables data took   8.21ms
[2020.09.25-03.29.10:864][404]LogSlate: Prevented a slow task dialog from being summoned while a context menu was open
[2020.09.25-03.29.17:914][603]LogUObjectHash: Compacting FUObjectHashTables data took   3.10ms
[2020.09.25-03.29.18:007][603]LogSavePackage: Moving 'C:/Users/edwar/Documents/GitHub/PotionBombTheZombs/PotionBombTheZombs/Saved/PBtZ_Auto11E17E4B54EA950D8CE8CFDA98ED8B228.tmp' to 'C:/Users/edwar/Documents/GitHub/PotionBombTheZombs/PotionBombTheZombs/Saved/Autosaves/Game/PotionBombTheZombs/PBtZ_Auto1.umap'
[2020.09.25-03.29.18:033][603]LogFileHelpers: Editor autosave (incl. sublevels) for '/Game/PotionBombTheZombs/PBtZ' took 0.152
[2020.09.25-03.29.18:033][603]LogFileHelpers: Editor autosave (incl. sublevels) for all levels took 0.152
[2020.09.25-03.29.18:034][603]OBJ SavePackage: Generating thumbnails for [1] asset(s) in package [/Game/PotionBombTheZombs/Blueprints/BP_Zombear] ([1] browsable assets)...
[2020.09.25-03.29.18:100][603]OBJ SavePackage:     Rendered thumbnail for [Blueprint /Game/PotionBombTheZombs/Blueprints/BP_Zombear.BP_Zombear]
[2020.09.25-03.29.18:100][603]OBJ SavePackage: Finished generating thumbnails for package [/Game/PotionBombTheZombs/Blueprints/BP_Zombear]
[2020.09.25-03.29.18:228][603]LogSavePackage: Moving 'C:/Users/edwar/Documents/GitHub/PotionBombTheZombs/PotionBombTheZombs/Saved/BP_Zombear_Auto1ADE251334CD86B47982C6BA24475EEC5.tmp' to 'C:/Users/edwar/Documents/GitHub/PotionBombTheZombs/PotionBombTheZombs/Saved/Autosaves/Game/PotionBombTheZombs/Blueprints/BP_Zombear_Auto1.uasset'
[2020.09.25-03.29.18:230][603]OBJ SavePackage: Generating thumbnails for [1] asset(s) in package [/Game/PotionBombTheZombs/Blueprints/BP_Potion] ([1] browsable assets)...
[2020.09.25-03.29.18:340][603]OBJ SavePackage:     Rendered thumbnail for [Blueprint /Game/PotionBombTheZombs/Blueprints/BP_Potion.BP_Potion]
[2020.09.25-03.29.18:340][603]OBJ SavePackage: Finished generating thumbnails for package [/Game/PotionBombTheZombs/Blueprints/BP_Potion]
[2020.09.25-03.29.18:378][603]LogSavePackage: Moving 'C:/Users/edwar/Documents/GitHub/PotionBombTheZombs/PotionBombTheZombs/Saved/BP_Potion_Auto11CD6BAD544A3609ED7B938AF9BC46CDB.tmp' to 'C:/Users/edwar/Documents/GitHub/PotionBombTheZombs/PotionBombTheZombs/Saved/Autosaves/Game/PotionBombTheZombs/Blueprints/BP_Potion_Auto1.uasset'
[2020.09.25-03.29.18:382][603]OBJ SavePackage: Generating thumbnails for [1] asset(s) in package [/Game/PotionBombTheZombs/Static_Meshes/SM_Potion] ([1] browsable assets)...
[2020.09.25-03.29.18:402][603]OBJ SavePackage:     Rendered thumbnail for [StaticMesh /Game/PotionBombTheZombs/Static_Meshes/SM_Potion.SM_Potion]
[2020.09.25-03.29.18:402][603]OBJ SavePackage: Finished generating thumbnails for package [/Game/PotionBombTheZombs/Static_Meshes/SM_Potion]
[2020.09.25-03.29.18:494][603]LogSavePackage: Moving 'C:/Users/edwar/Documents/GitHub/PotionBombTheZombs/PotionBombTheZombs/Saved/SM_Potion_Auto1A3CEEE68445EAC5049DD99AE1F209C12.tmp' to 'C:/Users/edwar/Documents/GitHub/PotionBombTheZombs/PotionBombTheZombs/Saved/Autosaves/Game/PotionBombTheZombs/Static_Meshes/SM_Potion_Auto1.uasset'
[2020.09.25-03.29.18:495][603]OBJ SavePackage: Generating thumbnails for [0] asset(s) in package [/Game/PotionBombTheZombs/Blueprints/BPI_ModifyHP] ([1] browsable assets)...
[2020.09.25-03.29.18:496][603]OBJ SavePackage: Finished generating thumbnails for package [/Game/PotionBombTheZombs/Blueprints/BPI_ModifyHP]
[2020.09.25-03.29.18:528][603]LogSavePackage: Moving 'C:/Users/edwar/Documents/GitHub/PotionBombTheZombs/PotionBombTheZombs/Saved/BPI_ModifyHP_Auto128F0B04E4084CE49B82AC38CB7F960A5.tmp' to 'C:/Users/edwar/Documents/GitHub/PotionBombTheZombs/PotionBombTheZombs/Saved/Autosaves/Game/PotionBombTheZombs/Blueprints/BPI_ModifyHP_Auto1.uasset'
[2020.09.25-03.29.18:529][603]LogFileHelpers: Auto-saving content packages took 0.496
[2020.09.25-03.29.35:907][132]BlueprintLog: New page: Compile BP_Zombear
[2020.09.25-03.29.35:952][132]LogBlueprint: Warning: [Compiler BP_Zombear] Could not find a variable named "HP" in 'BP_Zombear_C'.
Make sure 'BP_Zombear_C' has been compiled for  Set HP
[2020.09.25-03.29.35:952][132]LogBlueprint: Warning: [Compiler BP_Zombear] Could not find a variable named "HP" in 'BP_Zombear_C'.
Make sure 'BP_Zombear_C' has been compiled for  Get HP
[2020.09.25-03.29.35:953][132]LogBlueprint: Error: [Compiler BP_Zombear] The property associated with  HP  could not be found in '/Game/PotionBombTheZombs/Blueprints/BP_Zombear.BP_Zombear_C'
[2020.09.25-03.29.35:953][132]LogBlueprint: Error: [Compiler BP_Zombear] The property associated with  HP  could not be found in '/Game/PotionBombTheZombs/Blueprints/BP_Zombear.BP_Zombear_C'
[2020.09.25-03.29.36:004][132]LogUObjectHash: Compacting FUObjectHashTables data took   3.75ms
[2020.09.25-03.29.53:856][755]LogSlate: Window 'Change Variable Type' being destroyed
[2020.09.25-03.30.01:062][112]LogSlate: Window 'Find in Blueprints' being destroyed
[2020.09.25-03.30.01:072][112]LogSlate: Window 'Find in Blueprints' being destroyed
[2020.09.25-03.30.07:097][451]BlueprintLog: New page: Compile BP_Zombear
[2020.09.25-03.30.07:157][451]LogUObjectHash: Compacting FUObjectHashTables data took   3.57ms
[2020.09.25-03.30.44:982][794]LogSlate: Window 'Message' being destroyed
[2020.09.25-03.30.45:047][794]Message dialog closed, result: Yes, title: Message, text: Would you like to transfer the interface functions to be part of your blueprint?
[2020.09.25-03.30.48:123][941]BlueprintLog: New page: Compile BP_Potion
[2020.09.25-03.30.48:232][941]LogBlueprint: Error: [Compiler BP_Potion] Message node  Invalid Message Node  has an invalid interface.
[2020.09.25-03.30.48:257][941]LogBlueprint: Error: [Compiler BP_Potion] In use pin  <Unnamed>  no longer exists on node  Invalid Message Node . Please refresh node or break links to remove pin.
[2020.09.25-03.30.48:257][941]LogBlueprint: Error: [Compiler BP_Potion] In use pin  <Unnamed>  no longer exists on node  Invalid Message Node . Please refresh node or break links to remove pin.
[2020.09.25-03.30.48:257][941]LogBlueprint: Error: [Compiler BP_Potion] In use pin  Target  no longer exists on node  Invalid Message Node . Please refresh node or break links to remove pin.
[2020.09.25-03.30.48:257][941]LogBlueprint: Warning: [Compiler BP_Potion] Input pin  Mod Value  specifying non-default value no longer exists on node  Invalid Message Node . Please refresh node or reset pin to default value to remove pin.
[2020.09.25-03.30.48:257][941]LogBlueprint: Error: [Compiler BP_Potion] Could not find a function named "Mod HP" in 'BP_Potion'.
Make sure 'BP_Potion' has been compiled for  Invalid Message Node
[2020.09.25-03.30.48:402][941]LogUObjectHash: Compacting FUObjectHashTables data took   3.72ms
[2020.09.25-03.30.56:462][358]LogUObjectHash: Compacting FUObjectHashTables data took   7.03ms
[2020.09.25-03.30.57:875][358]LogUObjectHash: Compacting FUObjectHashTables data took   0.63ms
[2020.09.25-03.30.57:946][358]LogSavePackage: Moving 'C:/Users/edwar/Documents/GitHub/PotionBombTheZombs/PotionBombTheZombs/Saved/PBtZA8D63A2C47C45324299A4382D10B84A0.tmp' to 'C:/Users/edwar/Documents/GitHub/PotionBombTheZombs/PotionBombTheZombs/Content/PotionBombTheZombs/PBtZ.umap'
[2020.09.25-03.30.58:855][358]LogFileHelpers: Saving map 'PBtZ' took 1.014
[2020.09.25-03.30.59:517][358]LogSavePackage: Moving 'C:/Users/edwar/Documents/GitHub/PotionBombTheZombs/PotionBombTheZombs/Saved/BP_Zombear4FC7A68A4641B69742AD8397E7A0D551.tmp' to 'C:/Users/edwar/Documents/GitHub/PotionBombTheZombs/PotionBombTheZombs/Content/PotionBombTheZombs/Blueprints/BP_Zombear.uasset'
[2020.09.25-03.30.59:733][358]LogSavePackage: Moving 'C:/Users/edwar/Documents/GitHub/PotionBombTheZombs/PotionBombTheZombs/Saved/BP_Potion61A868874B1EF48534FA4285D4BA4783.tmp' to 'C:/Users/edwar/Documents/GitHub/PotionBombTheZombs/PotionBombTheZombs/Content/PotionBombTheZombs/Blueprints/BP_Potion.uasset'
[2020.09.25-03.31.07:283][358]LogSavePackage: Moving 'C:/Users/edwar/Documents/GitHub/PotionBombTheZombs/PotionBombTheZombs/Saved/SM_Potion7674CB0A4861B6767DDC4793DD729443.tmp' to 'C:/Users/edwar/Documents/GitHub/PotionBombTheZombs/PotionBombTheZombs/Content/PotionBombTheZombs/Static_Meshes/SM_Potion.uasset'
[2020.09.25-03.31.09:444][358]LogSavePackage: Moving 'C:/Users/edwar/Documents/GitHub/PotionBombTheZombs/PotionBombTheZombs/Saved/BPI_ModifyHPF09AF9AD4EB308B7BEAE49B9EE496B59.tmp' to 'C:/Users/edwar/Documents/GitHub/PotionBombTheZombs/PotionBombTheZombs/Content/PotionBombTheZombs/Blueprints/BPI_ModifyHP.uasset'
[2020.09.25-03.31.10:335][358]AssetCheck: New page: Asset Save: multiple assets
[2020.09.25-03.31.10:335][358]LogContentValidation: Display: Validating World /Game/PotionBombTheZombs/PBtZ.PBtZ
[2020.09.25-03.31.10:335][358]LogContentValidation: Display: Validating Blueprint /Game/PotionBombTheZombs/Blueprints/BP_Zombear.BP_Zombear
[2020.09.25-03.31.10:335][358]LogContentValidation: Display: Validating Blueprint /Game/PotionBombTheZombs/Blueprints/BP_Potion.BP_Potion
[2020.09.25-03.31.10:335][358]LogContentValidation: Display: Validating StaticMesh /Game/PotionBombTheZombs/Static_Meshes/SM_Potion.SM_Potion
[2020.09.25-03.31.10:335][358]LogContentValidation: Display: Validating Blueprint /Game/PotionBombTheZombs/Blueprints/BPI_ModifyHP.BPI_ModifyHP
[2020.09.25-03.31.13:645][515]LogWorld: UWorld::CleanupWorld for World_6, bSessionEnded=true, bCleanupResources=true
[2020.09.25-03.31.13:645][515]LogSlate: InvalidateAllWidgets triggered.  All widgets were invalidated
[2020.09.25-03.31.56:196][491]BlueprintLog: New page: Compile BP_Potion
[2020.09.25-03.31.56:386][491]LogUObjectHash: Compacting FUObjectHashTables data took   9.40ms
[2020.09.25-03.32.07:663][922]LogUObjectHash: Compacting FUObjectHashTables data took   4.61ms
[2020.09.25-03.32.07:935][922]LogSavePackage: Moving 'C:/Users/edwar/Documents/GitHub/PotionBombTheZombs/PotionBombTheZombs/Saved/BP_PotionDFBDDC524046E5857A3DA9A6A9F4CBBD.tmp' to 'C:/Users/edwar/Documents/GitHub/PotionBombTheZombs/PotionBombTheZombs/Content/PotionBombTheZombs/Blueprints/BP_Potion.uasset'
[2020.09.25-03.32.07:950][922]AssetCheck: New page: Asset Save: BP_Potion
[2020.09.25-03.32.07:950][922]LogContentValidation: Display: Validating Blueprint /Game/PotionBombTheZombs/Blueprints/BP_Potion.BP_Potion
[2020.09.25-03.32.09:287][989]LogWorld: UWorld::CleanupWorld for World_2, bSessionEnded=true, bCleanupResources=true
[2020.09.25-03.32.09:287][989]LogSlate: InvalidateAllWidgets triggered.  All widgets were invalidated
[2020.09.25-03.32.09:942][ 14]LogSlate: Window 'BP_Zombear' being destroyed
[2020.09.25-03.32.09:950][ 14]LogActorComponent: UnregisterComponent: (/Engine/Transient.EditorFloorComp) Not registered. Aborting.
[2020.09.25-03.32.09:951][ 14]LogWorld: UWorld::CleanupWorld for World_7, bSessionEnded=true, bCleanupResources=true
[2020.09.25-03.32.09:951][ 14]LogSlate: InvalidateAllWidgets triggered.  All widgets were invalidated
[2020.09.25-03.32.43:459][895]SourceControl: fatal: D:/Epic_Launcher/UE_4.25/Engine/Content: 'D:/Epic_Launcher/UE_4.25/Engine/Content' is outside repository at 'C:/Users/edwar/Documents/GitHub/PotionBombTheZombs'
[2020.09.25-03.32.43:460][895]SourceControl: fatal: D:/Epic_Launcher/UE_4.25/Engine/Plugins/2D/Paper2D/Content: 'D:/Epic_Launcher/UE_4.25/Engine/Plugins/2D/Paper2D/Content' is outside repository at 'C:/Users/edwar/Documents/GitHub/PotionBombTheZombs'
[2020.09.25-03.32.43:460][895]SourceControl: fatal: D:/Epic_Launcher/UE_4.25/Engine/Plugins/Developer/AnimationSharing/Content: 'D:/Epic_Launcher/UE_4.25/Engine/Plugins/Developer/AnimationSharing/Content' is outside repository at 'C:/Users/edwar/Documents/GitHub/PotionBombTheZombs'
[2020.09.25-03.32.43:460][895]SourceControl: fatal: D:/Epic_Launcher/UE_4.25/Engine/Plugins/Editor/GeometryMode/Content: 'D:/Epic_Launcher/UE_4.25/Engine/Plugins/Editor/GeometryMode/Content' is outside repository at 'C:/Users/edwar/Documents/GitHub/PotionBombTheZombs'
[2020.09.25-03.32.43:460][895]SourceControl: fatal: D:/Epic_Launcher/UE_4.25/Engine/Plugins/Enterprise/DatasmithContent/Content: 'D:/Epic_Launcher/UE_4.25/Engine/Plugins/Enterprise/DatasmithContent/Content' is outside repository at 'C:/Users/edwar/Documents/GitHub/PotionBombTheZombs'
[2020.09.25-03.32.43:460][895]SourceControl: fatal: D:/Epic_Launcher/UE_4.25/Engine/Plugins/Experimental/ChaosClothEditor/Content: 'D:/Epic_Launcher/UE_4.25/Engine/Plugins/Experimental/ChaosClothEditor/Content' is outside repository at 'C:/Users/edwar/Documents/GitHub/PotionBombTheZombs'
[2020.09.25-03.32.43:460][895]SourceControl: fatal: D:/Epic_Launcher/UE_4.25/Engine/Plugins/Experimental/ChaosNiagara/Content: 'D:/Epic_Launcher/UE_4.25/Engine/Plugins/Experimental/ChaosNiagara/Content' is outside repository at 'C:/Users/edwar/Documents/GitHub/PotionBombTheZombs'
[2020.09.25-03.32.43:460][895]SourceControl: fatal: D:/Epic_Launcher/UE_4.25/Engine/Plugins/Experimental/ChaosSolverPlugin/Content: 'D:/Epic_Launcher/UE_4.25/Engine/Plugins/Experimental/ChaosSolverPlugin/Content' is outside repository at 'C:/Users/edwar/Documents/GitHub/PotionBombTheZombs'
[2020.09.25-03.32.43:460][895]SourceControl: fatal: D:/Epic_Launcher/UE_4.25/Engine/Plugins/Experimental/GeometryCollectionPlugin/Content: 'D:/Epic_Launcher/UE_4.25/Engine/Plugins/Experimental/GeometryCollectionPlugin/Content' is outside repository at 'C:/Users/edwar/Documents/GitHub/PotionBombTheZombs'
[2020.09.25-03.32.43:460][895]SourceControl: fatal: D:/Epic_Launcher/UE_4.25/Engine/Plugins/Experimental/GeometryProcessing/Content: 'D:/Epic_Launcher/UE_4.25/Engine/Plugins/Experimental/GeometryProcessing/Content' is outside repository at 'C:/Users/edwar/Documents/GitHub/PotionBombTheZombs'
[2020.09.25-03.32.43:460][895]SourceControl: fatal: D:/Epic_Launcher/UE_4.25/Engine/Plugins/FX/Niagara/Content: 'D:/Epic_Launcher/UE_4.25/Engine/Plugins/FX/Niagara/Content' is outside repository at 'C:/Users/edwar/Documents/GitHub/PotionBombTheZombs'
[2020.09.25-03.32.43:460][895]SourceControl: fatal: D:/Epic_Launcher/UE_4.25/Engine/Plugins/Lumin/MagicLeap/Content: 'D:/Epic_Launcher/UE_4.25/Engine/Plugins/Lumin/MagicLeap/Content' is outside repository at 'C:/Users/edwar/Documents/GitHub/PotionBombTheZombs'
[2020.09.25-03.32.43:460][895]SourceControl: fatal: D:/Epic_Launcher/UE_4.25/Engine/Plugins/Lumin/MagicLeapPassableWorld/Content: 'D:/Epic_Launcher/UE_4.25/Engine/Plugins/Lumin/MagicLeapPassableWorld/Content' is outside repository at 'C:/Users/edwar/Documents/GitHub/PotionBombTheZombs'
[2020.09.25-03.32.43:460][895]SourceControl: fatal: D:/Epic_Launcher/UE_4.25/Engine/Plugins/Media/MediaCompositing/Content: 'D:/Epic_Launcher/UE_4.25/Engine/Plugins/Media/MediaCompositing/Content' is outside repository at 'C:/Users/edwar/Documents/GitHub/PotionBombTheZombs'
[2020.09.25-03.32.43:460][895]SourceControl: fatal: D:/Epic_Launcher/UE_4.25/Engine/Plugins/MovieScene/MovieRenderPipeline/Content: 'D:/Epic_Launcher/UE_4.25/Engine/Plugins/MovieScene/MovieRenderPipeline/Content' is outside repository at 'C:/Users/edwar/Documents/GitHub/PotionBombTheZombs'
[2020.09.25-03.32.43:460][895]SourceControl: fatal: D:/Epic_Launcher/UE_4.25/Engine/Plugins/Runtime/Oculus/OculusVR/Content: 'D:/Epic_Launcher/UE_4.25/Engine/Plugins/Runtime/Oculus/OculusVR/Content' is outside repository at 'C:/Users/edwar/Documents/GitHub/PotionBombTheZombs'
[2020.09.25-03.32.43:460][895]SourceControl: fatal: D:/Epic_Launcher/UE_4.25/Engine/Plugins/Runtime/PostSplashScreen/Content: 'D:/Epic_Launcher/UE_4.25/Engine/Plugins/Runtime/PostSplashScreen/Content' is outside repository at 'C:/Users/edwar/Documents/GitHub/PotionBombTheZombs'
[2020.09.25-03.32.43:460][895]SourceControl: fatal: D:/Epic_Launcher/UE_4.25/Engine/Plugins/Runtime/Steam/SteamVR/Content: 'D:/Epic_Launcher/UE_4.25/Engine/Plugins/Runtime/Steam/SteamVR/Content' is outside repository at 'C:/Users/edwar/Documents/GitHub/PotionBombTheZombs'
[2020.09.25-03.32.57:735][895]LogSlate: Window 'Submit Files' being destroyed
[2020.09.25-03.33.00:449][895]LogSourceControl: commit successful: [master c1bef25] Catching up
[2020.09.25-03.33.00:728][895]SourceControl: [master c1bef25] Catching up
[2020.09.25-03.33.00:728][895]SourceControl:  5 files changed, 0 insertions(+), 0 deletions(-)
[2020.09.25-03.33.00:728][895]SourceControl:  create mode 100644 PotionBombTheZombs/Content/PotionBombTheZombs/Blueprints/BPI_ModifyHP.uasset
[2020.09.25-03.33.00:728][895]SourceControl:  create mode 100644 PotionBombTheZombs/Content/PotionBombTheZombs/Blueprints/BP_Potion.uasset
[2020.09.25-03.33.00:728][895]SourceControl:  rewrite PotionBombTheZombs/Content/PotionBombTheZombs/Blueprints/BP_Zombear.uasset (97%)
[2020.09.25-03.33.00:728][895]SourceControl:  rewrite PotionBombTheZombs/Content/PotionBombTheZombs/PBtZ.umap (60%)
[2020.09.25-03.33.00:728][895]SourceControl:  create mode 100644 PotionBombTheZombs/Content/PotionBombTheZombs/Static_Meshes/SM_Potion.uasset
[2020.09.25-03.33.00:743][895]SourceControl: Commited [master c1bef25] Catching up.
